2012-07-12 19:53:16,919: INFO main org.peie.avicultura.main.Avicultura (Avicultura.java:21) - Version: 0.0.1 beta
 2012-07-12 19:53:16,926: INFO main org.peie.avicultura.main.Avicultura (Avicultura.java:22) - AppData: C:\Users\peie\AppData\Roaming
 2012-07-12 19:53:16,927: INFO main org.peie.avicultura.main.Avicultura (Avicultura.java:23) - DataBase: C:\Users\peie\AppData\Roaming\avicultura
 2012-07-12 19:53:16,927: INFO main org.peie.avicultura.main.AviculturaUtility (AviculturaUtility.java:17) - init avicultura
 2012-07-12 19:53:16,928: INFO main org.peie.avicultura.main.AviculturaUtility (AviculturaUtility.java:21) - true
 2012-07-12 19:53:18,015: INFO main org.peie.avicultura.viewer.Application (Application.java:121) - Start App
 2012-07-12 19:53:18,880: INFO main org.peie.avicultura.viewer.Application (Application.java:163) - icon: file:/C:/Users/peie/Documents/workspace/avicultura/bin/icons/logo_small.png
 2012-07-12 19:53:19,133: INFO main org.peie.avicultura.viewer.Application (Application.java:256) - 0 0 0
 2012-07-12 19:53:25,054: INFO AWT-EventQueue-0 org.peie.avicultura.viewer.Application (Application.java:288) - stop app
 2012-07-12 19:53:25,140: INFO AWT-EventQueue-0 org.peie.avicultura.helper.DbHelper (DbHelper.java:239) - close database
 2012-07-12 19:53:46,664: INFO main org.peie.avicultura.main.Avicultura (Avicultura.java:21) - Version: 0.0.1 beta
 2012-07-12 19:53:46,671: INFO main org.peie.avicultura.main.Avicultura (Avicultura.java:22) - AppData: C:\Users\peie\AppData\Roaming
 2012-07-12 19:53:46,672: INFO main org.peie.avicultura.main.Avicultura (Avicultura.java:23) - DataBase: C:\Users\peie\AppData\Roaming\avicultura
 2012-07-12 19:53:46,672: INFO main org.peie.avicultura.main.AviculturaUtility (AviculturaUtility.java:17) - init avicultura
 2012-07-12 19:53:46,673: INFO main org.peie.avicultura.main.AviculturaUtility (AviculturaUtility.java:21) - true
 2012-07-12 19:53:47,768: INFO main org.peie.avicultura.viewer.Application (Application.java:121) - Start App
 2012-07-12 19:53:48,575: INFO main org.peie.avicultura.viewer.Application (Application.java:163) - icon: file:/C:/Users/peie/Documents/workspace/avicultura/bin/icons/logo_small.png
 2012-07-12 19:53:48,809: INFO main org.peie.avicultura.viewer.Application (Application.java:256) - 0 0 0
 2012-07-12 19:53:55,194: INFO AWT-EventQueue-0 org.peie.avicultura.viewer.Application (Application.java:781) - Popup menu will be visible!
 2012-07-12 19:53:57,238: INFO AWT-EventQueue-0 org.peie.avicultura.viewer.Application (Application.java:789) - Popup menu is hidden!
 2012-07-12 19:53:57,239: INFO AWT-EventQueue-0 org.peie.avicultura.viewer.Application (Application.java:785) - Popup menu will be invisible!
 2012-07-12 19:53:58,495: INFO AWT-EventQueue-0 org.peie.avicultura.viewer.Application (Application.java:781) - Popup menu will be visible!
 2012-07-12 19:54:00,582: INFO AWT-EventQueue-0 org.peie.avicultura.viewer.Application (Application.java:789) - Popup menu is hidden!
 2012-07-12 19:54:00,583: INFO AWT-EventQueue-0 org.peie.avicultura.viewer.Application (Application.java:785) - Popup menu will be invisible!
 2012-07-12 19:54:00,895: INFO AWT-EventQueue-0 org.peie.avicultura.viewer.Application (Application.java:781) - Popup menu will be visible!
 2012-07-12 19:54:01,894: INFO AWT-EventQueue-0 org.peie.avicultura.viewer.Application (Application.java:789) - Popup menu is hidden!
 2012-07-12 19:54:01,895: INFO AWT-EventQueue-0 org.peie.avicultura.viewer.Application (Application.java:785) - Popup menu will be invisible!
 2012-07-12 19:54:02,199: INFO AWT-EventQueue-0 org.peie.avicultura.viewer.Application (Application.java:781) - Popup menu will be visible!
 2012-07-12 19:54:03,870: INFO AWT-EventQueue-0 org.peie.avicultura.viewer.Application (Application.java:789) - Popup menu is hidden!
 2012-07-12 19:54:03,871: INFO AWT-EventQueue-0 org.peie.avicultura.viewer.Application (Application.java:785) - Popup menu will be invisible!
 2012-07-12 19:54:03,990: INFO AWT-EventQueue-0 org.peie.avicultura.viewer.Application (Application.java:288) - stop app
 2012-07-12 19:54:04,076: INFO AWT-EventQueue-0 org.peie.avicultura.helper.DbHelper (DbHelper.java:239) - close database
 2012-07-12 19:54:06,433: INFO main org.peie.avicultura.main.Avicultura (Avicultura.java:21) - Version: 0.0.1 beta
 2012-07-12 19:54:06,439: INFO main org.peie.avicultura.main.Avicultura (Avicultura.java:22) - AppData: C:\Users\peie\AppData\Roaming
 2012-07-12 19:54:06,440: INFO main org.peie.avicultura.main.Avicultura (Avicultura.java:23) - DataBase: C:\Users\peie\AppData\Roaming\avicultura
 2012-07-12 19:54:06,441: INFO main org.peie.avicultura.main.AviculturaUtility (AviculturaUtility.java:17) - init avicultura
 2012-07-12 19:54:06,442: INFO main org.peie.avicultura.main.AviculturaUtility (AviculturaUtility.java:21) - true
 2012-07-12 19:54:07,479: INFO main org.peie.avicultura.viewer.Application (Application.java:121) - Start App
 2012-07-12 19:54:08,203: INFO main org.peie.avicultura.viewer.Application (Application.java:163) - icon: file:/C:/Users/peie/Documents/workspace/avicultura/bin/icons/logo_small.png
 2012-07-12 19:54:08,452: INFO main org.peie.avicultura.viewer.Application (Application.java:256) - 0 0 0
 2012-07-12 19:54:12,282: INFO AWT-EventQueue-0 org.peie.avicultura.viewer.Application (Application.java:781) - Popup menu will be visible!
 2012-07-12 19:54:13,773: INFO AWT-EventQueue-0 org.peie.avicultura.viewer.Application (Application.java:789) - Popup menu is hidden!
 2012-07-12 19:54:13,773: INFO AWT-EventQueue-0 org.peie.avicultura.viewer.Application (Application.java:785) - Popup menu will be invisible!
 2012-07-12 19:54:15,141: INFO AWT-EventQueue-0 org.peie.avicultura.viewer.Application (Application.java:781) - Popup menu will be visible!
 2012-07-12 19:54:16,622: INFO AWT-EventQueue-0 org.peie.avicultura.viewer.Application (Application.java:789) - Popup menu is hidden!
 2012-07-12 19:54:16,623: INFO AWT-EventQueue-0 org.peie.avicultura.viewer.Application (Application.java:785) - Popup menu will be invisible!
 2012-07-12 19:54:16,742: INFO AWT-EventQueue-0 org.peie.avicultura.viewer.Application (Application.java:288) - stop app
 2012-07-12 19:54:16,798: INFO AWT-EventQueue-0 org.peie.avicultura.helper.DbHelper (DbHelper.java:239) - close database
 2012-07-12 19:54:21,123: INFO main org.peie.avicultura.main.Avicultura (Avicultura.java:21) - Version: 0.0.1 beta
 2012-07-12 19:54:21,129: INFO main org.peie.avicultura.main.Avicultura (Avicultura.java:22) - AppData: C:\Users\peie\AppData\Roaming
 2012-07-12 19:54:21,130: INFO main org.peie.avicultura.main.Avicultura (Avicultura.java:23) - DataBase: C:\Users\peie\AppData\Roaming\avicultura
 2012-07-12 19:54:21,130: INFO main org.peie.avicultura.main.AviculturaUtility (AviculturaUtility.java:17) - init avicultura
 2012-07-12 19:54:21,131: INFO main org.peie.avicultura.main.AviculturaUtility (AviculturaUtility.java:21) - true
 2012-07-12 19:54:22,177: INFO main org.peie.avicultura.viewer.Application (Application.java:121) - Start App
 2012-07-12 19:54:22,939: INFO main org.peie.avicultura.viewer.Application (Application.java:163) - icon: file:/C:/Users/peie/Documents/workspace/avicultura/bin/icons/logo_small.png
 2012-07-12 19:54:23,161: INFO main org.peie.avicultura.viewer.Application (Application.java:256) - 0 0 0
 2012-07-12 19:54:27,058: INFO AWT-EventQueue-0 org.peie.avicultura.viewer.Application (Application.java:781) - Popup menu will be visible!
 2012-07-12 19:54:28,286: INFO AWT-EventQueue-0 org.peie.avicultura.viewer.Application (Application.java:789) - Popup menu is hidden!
 2012-07-12 19:54:28,287: INFO AWT-EventQueue-0 org.peie.avicultura.viewer.Application (Application.java:785) - Popup menu will be invisible!
 2012-07-12 19:54:28,599: INFO AWT-EventQueue-0 org.peie.avicultura.viewer.Application (Application.java:781) - Popup menu will be visible!
 2012-07-12 19:54:29,374: INFO AWT-EventQueue-0 org.peie.avicultura.viewer.Application (Application.java:789) - Popup menu is hidden!
 2012-07-12 19:54:29,375: INFO AWT-EventQueue-0 org.peie.avicultura.viewer.Application (Application.java:785) - Popup menu will be invisible!
 2012-07-12 19:54:29,679: INFO AWT-EventQueue-0 org.peie.avicultura.viewer.Application (Application.java:781) - Popup menu will be visible!
 2012-07-12 19:54:30,166: INFO AWT-EventQueue-0 org.peie.avicultura.viewer.Application (Application.java:789) - Popup menu is hidden!
 2012-07-12 19:54:30,166: INFO AWT-EventQueue-0 org.peie.avicultura.viewer.Application (Application.java:785) - Popup menu will be invisible!
 2012-07-12 19:54:30,494: INFO AWT-EventQueue-0 org.peie.avicultura.viewer.Application (Application.java:781) - Popup menu will be visible!
 2012-07-12 19:54:30,942: INFO AWT-EventQueue-0 org.peie.avicultura.viewer.Application (Application.java:789) - Popup menu is hidden!
 2012-07-12 19:54:30,943: INFO AWT-EventQueue-0 org.peie.avicultura.viewer.Application (Application.java:785) - Popup menu will be invisible!
 2012-07-12 19:54:31,247: INFO AWT-EventQueue-0 org.peie.avicultura.viewer.Application (Application.java:781) - Popup menu will be visible!
 2012-07-12 19:54:31,626: INFO AWT-EventQueue-0 org.peie.avicultura.viewer.Application (Application.java:789) - Popup menu is hidden!
 2012-07-12 19:54:31,626: INFO AWT-EventQueue-0 org.peie.avicultura.viewer.Application (Application.java:785) - Popup menu will be invisible!
 2012-07-12 19:54:31,936: INFO AWT-EventQueue-0 org.peie.avicultura.viewer.Application (Application.java:781) - Popup menu will be visible!
 2012-07-12 19:54:33,040: INFO AWT-EventQueue-0 org.peie.avicultura.viewer.Application (Application.java:785) - Popup menu will be invisible!
 2012-07-12 19:54:47,302: INFO AWT-EventQueue-0 org.peie.avicultura.viewer.Application (Application.java:781) - Popup menu will be visible!
 2012-07-12 19:54:53,550: INFO AWT-EventQueue-0 org.peie.avicultura.viewer.Application (Application.java:789) - Popup menu is hidden!
 2012-07-12 19:54:53,551: INFO AWT-EventQueue-0 org.peie.avicultura.viewer.Application (Application.java:785) - Popup menu will be invisible!
 2012-07-12 19:54:55,519: INFO AWT-EventQueue-0 org.peie.avicultura.viewer.Application (Application.java:781) - Popup menu will be visible!
 2012-07-12 19:54:57,662: INFO AWT-EventQueue-0 org.peie.avicultura.viewer.Application (Application.java:789) - Popup menu is hidden!
 2012-07-12 19:54:57,663: INFO AWT-EventQueue-0 org.peie.avicultura.viewer.Application (Application.java:785) - Popup menu will be invisible!
 2012-07-12 19:55:00,583: INFO AWT-EventQueue-0 org.peie.avicultura.viewer.Application (Application.java:781) - Popup menu will be visible!
 2012-07-12 19:55:03,182: INFO AWT-EventQueue-0 org.peie.avicultura.viewer.Application (Application.java:789) - Popup menu is hidden!
 2012-07-12 19:55:03,183: INFO AWT-EventQueue-0 org.peie.avicultura.viewer.Application (Application.java:785) - Popup menu will be invisible!
 2012-07-12 19:55:03,574: INFO AWT-EventQueue-0 org.peie.avicultura.viewer.Application (Application.java:781) - Popup menu will be visible!
 2012-07-12 19:55:05,334: INFO AWT-EventQueue-0 org.peie.avicultura.viewer.Application (Application.java:789) - Popup menu is hidden!
 2012-07-12 19:55:05,335: INFO AWT-EventQueue-0 org.peie.avicultura.viewer.Application (Application.java:785) - Popup menu will be invisible!
 2012-07-12 19:55:05,935: INFO AWT-EventQueue-0 org.peie.avicultura.viewer.Application (Application.java:781) - Popup menu will be visible!
 2012-07-12 19:55:07,694: INFO AWT-EventQueue-0 org.peie.avicultura.viewer.Application (Application.java:785) - Popup menu will be invisible!
 2012-07-12 19:55:40,534: INFO AWT-EventQueue-0 org.peie.avicultura.viewer.Application (Application.java:288) - stop app
 2012-07-12 19:55:40,619: INFO AWT-EventQueue-0 org.peie.avicultura.helper.DbHelper (DbHelper.java:239) - close database
 2012-07-12 20:08:28,402: INFO main org.peie.avicultura.main.Avicultura (Avicultura.java:21) - Version: 0.0.1 beta
 2012-07-12 20:08:28,431: INFO main org.peie.avicultura.main.Avicultura (Avicultura.java:22) - AppData: C:\Users\peie\AppData\Roaming
 2012-07-12 20:08:28,432: INFO main org.peie.avicultura.main.Avicultura (Avicultura.java:23) - DataBase: C:\Users\peie\AppData\Roaming\avicultura
 2012-07-12 20:08:28,433: INFO main org.peie.avicultura.main.AviculturaUtility (AviculturaUtility.java:20) - init avicultura
 2012-07-12 20:08:28,434: INFO main org.peie.avicultura.main.AviculturaUtility (AviculturaUtility.java:24) - true
 2012-07-12 20:08:29,589: INFO main org.peie.avicultura.viewer.Application (Application.java:129) - Start App
 2012-07-12 20:08:30,421: INFO main org.peie.avicultura.viewer.Application (Application.java:171) - icon: file:/C:/Users/peie/Documents/workspace/avicultura/bin/icons/logo_small.png
 2012-07-12 20:08:30,672: INFO main org.peie.avicultura.viewer.Application (Application.java:264) - 0 0 0
 2012-07-12 20:08:38,759: INFO AWT-EventQueue-0 org.peie.avicultura.viewer.Application (Application.java:296) - stop app
 2012-07-12 20:08:38,850: INFO AWT-EventQueue-0 org.peie.avicultura.helper.DbHelper (DbHelper.java:239) - close database
 2012-07-12 20:10:48,392: INFO main org.peie.avicultura.main.Avicultura (Avicultura.java:21) - Version: 0.0.1 beta
 2012-07-12 20:10:48,400: INFO main org.peie.avicultura.main.Avicultura (Avicultura.java:22) - AppData: C:\Users\peie\AppData\Roaming
 2012-07-12 20:10:48,400: INFO main org.peie.avicultura.main.Avicultura (Avicultura.java:23) - DataBase: C:\Users\peie\AppData\Roaming\avicultura
 2012-07-12 20:10:48,401: INFO main org.peie.avicultura.main.AviculturaUtility (AviculturaUtility.java:20) - init avicultura
 2012-07-12 20:10:48,402: INFO main org.peie.avicultura.main.AviculturaUtility (AviculturaUtility.java:24) - true
 2012-07-12 20:10:49,437: INFO main org.peie.avicultura.viewer.Application (Application.java:129) - Start App
 2012-07-12 20:10:50,230: INFO main org.peie.avicultura.viewer.Application (Application.java:171) - icon: file:/C:/Users/peie/Documents/workspace/avicultura/bin/icons/logo_small.png
 2012-07-12 20:10:50,485: INFO main org.peie.avicultura.viewer.Application (Application.java:264) - 0 0 0
 2012-07-12 20:11:04,488: INFO AWT-EventQueue-0 org.peie.avicultura.viewer.Application (Application.java:789) - Popup menu will be visible!
 2012-07-12 20:11:05,414: INFO AWT-EventQueue-0 org.peie.avicultura.viewer.Application (Application.java:793) - Popup menu will be invisible!
 2012-07-12 20:11:24,847: INFO AWT-EventQueue-0 org.peie.avicultura.viewer.Application (Application.java:789) - Popup menu will be visible!
 2012-07-12 20:11:26,346: INFO AWT-EventQueue-0 org.peie.avicultura.viewer.Application (Application.java:797) - Popup menu is hidden!
 2012-07-12 20:11:26,346: INFO AWT-EventQueue-0 org.peie.avicultura.viewer.Application (Application.java:793) - Popup menu will be invisible!
 2012-07-12 20:11:32,286: INFO AWT-EventQueue-0 org.peie.avicultura.viewer.Application (Application.java:296) - stop app
 2012-07-12 20:11:32,374: INFO AWT-EventQueue-0 org.peie.avicultura.helper.DbHelper (DbHelper.java:239) - close database
 2012-07-12 20:13:40,867: INFO main org.peie.avicultura.main.Avicultura (Avicultura.java:21) - Version: 0.0.1 beta
 2012-07-12 20:13:40,876: INFO main org.peie.avicultura.main.Avicultura (Avicultura.java:22) - AppData: C:\Users\peie\AppData\Roaming
 2012-07-12 20:13:40,876: INFO main org.peie.avicultura.main.Avicultura (Avicultura.java:23) - DataBase: C:\Users\peie\AppData\Roaming\avicultura
 2012-07-12 20:13:40,877: INFO main org.peie.avicultura.main.AviculturaUtility (AviculturaUtility.java:20) - init avicultura
 2012-07-12 20:13:40,878: INFO main org.peie.avicultura.main.AviculturaUtility (AviculturaUtility.java:24) - true
 2012-07-12 20:13:41,890: INFO main org.peie.avicultura.viewer.Application (Application.java:129) - Start App
 2012-07-12 20:13:42,686: INFO main org.peie.avicultura.viewer.Application (Application.java:171) - icon: file:/C:/Users/peie/Documents/workspace/avicultura/bin/icons/logo_small.png
 2012-07-12 20:13:42,922: INFO main org.peie.avicultura.viewer.Application (Application.java:264) - 0 0 0
 2012-07-12 20:14:04,705: INFO AWT-EventQueue-0 org.peie.avicultura.viewer.Application (Application.java:789) - Popup menu will be visible!
 2012-07-12 20:14:06,002: INFO AWT-EventQueue-0 org.peie.avicultura.viewer.Application (Application.java:793) - Popup menu will be invisible!
 2012-07-12 20:14:17,329: INFO AWT-EventQueue-0 org.peie.avicultura.helper.DbHelper (DbHelper.java:212) - ringno.: 10699-99-003 exists 
 2012-07-12 20:14:20,221: INFO AWT-EventQueue-0 org.peie.avicultura.helper.BirdObject (BirdObject.java:344) - is new own bird: false
 2012-07-12 20:14:20,229: INFO AWT-EventQueue-0 org.peie.avicultura.helper.BirdObject (BirdObject.java:345) - is new buied bird: true
 2012-07-12 20:14:20,230: INFO AWT-EventQueue-0 org.peie.avicultura.helper.BirdObject (BirdObject.java:346) - is new bird with new species: true
 2012-07-12 20:14:20,233: INFO AWT-EventQueue-0 org.peie.avicultura.helper.DbHelper (DbHelper.java:480) - avi-c9c5b85:13842a4a019:-7f9f
 2012-07-12 20:15:27,678: INFO AWT-EventQueue-0 org.peie.avicultura.viewer.Application (Application.java:789) - Popup menu will be visible!
 2012-07-12 20:15:28,905: INFO AWT-EventQueue-0 org.peie.avicultura.viewer.Application (Application.java:793) - Popup menu will be invisible!
 2012-07-12 20:15:38,775: INFO AWT-EventQueue-0 org.peie.avicultura.viewer.Application (Application.java:296) - stop app
 2012-07-12 20:15:38,904: INFO AWT-EventQueue-0 org.peie.avicultura.helper.DbHelper (DbHelper.java:239) - close database
 2012-07-12 20:18:29,271: INFO main org.peie.avicultura.main.Avicultura (Avicultura.java:21) - Version: 0.0.1 beta
 2012-07-12 20:18:29,278: INFO main org.peie.avicultura.main.Avicultura (Avicultura.java:22) - AppData: C:\Users\peie\AppData\Roaming
 2012-07-12 20:18:29,279: INFO main org.peie.avicultura.main.Avicultura (Avicultura.java:23) - DataBase: C:\Users\peie\AppData\Roaming\avicultura
 2012-07-12 20:18:29,280: INFO main org.peie.avicultura.main.AviculturaUtility (AviculturaUtility.java:20) - init avicultura
 2012-07-12 20:18:29,281: INFO main org.peie.avicultura.main.AviculturaUtility (AviculturaUtility.java:24) - true
 2012-07-12 20:18:30,289: INFO main org.peie.avicultura.viewer.Application (Application.java:129) - Start App
 2012-07-12 20:18:31,065: INFO main org.peie.avicultura.viewer.Application (Application.java:171) - icon: file:/C:/Users/peie/Documents/workspace/avicultura/bin/icons/logo_small.png
 2012-07-12 20:18:31,311: INFO main org.peie.avicultura.viewer.Application (Application.java:264) - 0 0 0
 2012-07-12 20:18:39,002: INFO AWT-EventQueue-0 org.peie.avicultura.viewer.Application (Application.java:789) - Popup menu will be visible!
 2012-07-12 20:18:41,287: INFO AWT-EventQueue-0 org.peie.avicultura.viewer.Application (Application.java:793) - Popup menu will be invisible!
 2012-07-12 20:18:55,586: INFO AWT-EventQueue-0 org.peie.avicultura.helper.DbHelper (DbHelper.java:212) - ringno.: 10699-99-003 exists 
 2012-07-12 20:18:57,063: INFO AWT-EventQueue-0 org.peie.avicultura.viewer.Application (AppNewBirdWindow.java:832) - newBirdFlag false
 2012-07-12 20:18:57,065: INFO AWT-EventQueue-0 org.peie.avicultura.helper.BirdObject (BirdObject.java:344) - is new own bird: false
 2012-07-12 20:18:57,066: INFO AWT-EventQueue-0 org.peie.avicultura.helper.BirdObject (BirdObject.java:345) - is new buied bird: true
 2012-07-12 20:18:57,067: INFO AWT-EventQueue-0 org.peie.avicultura.helper.BirdObject (BirdObject.java:346) - is new bird with new species: true
 2012-07-12 20:18:57,069: INFO AWT-EventQueue-0 org.peie.avicultura.helper.DbHelper (DbHelper.java:480) - avi4ab29956:1387c661152:-8000
 2012-07-12 20:21:37,550: INFO main org.peie.avicultura.main.Avicultura (Avicultura.java:21) - Version: 0.0.1 beta
 2012-07-12 20:21:37,557: INFO main org.peie.avicultura.main.Avicultura (Avicultura.java:22) - AppData: C:\Users\peie\AppData\Roaming
 2012-07-12 20:21:37,557: INFO main org.peie.avicultura.main.Avicultura (Avicultura.java:23) - DataBase: C:\Users\peie\AppData\Roaming\avicultura
 2012-07-12 20:21:37,558: INFO main org.peie.avicultura.main.AviculturaUtility (AviculturaUtility.java:20) - init avicultura
 2012-07-12 20:21:37,562: INFO main org.peie.avicultura.main.AviculturaUtility (AviculturaUtility.java:24) - true
 2012-07-12 20:21:39,856: ERROR main org.peie.avicultura.main.Avicultura (Avicultura.java:33) - can not connect jdbc:h2:C:\Users\peie\AppData\Roaming\avicultura
 org.peie.avicultura.helper.AviculturaException: can not connect jdbc:h2:C:\Users\peie\AppData\Roaming\avicultura
	at org.peie.avicultura.helper.DbHelper.createConnection(DbHelper.java:160)
	at org.peie.avicultura.helper.DbHelper.<init>(DbHelper.java:60)
	at org.peie.avicultura.main.AviculturaUtility.init(AviculturaUtility.java:30)
	at org.peie.avicultura.main.Avicultura.main(Avicultura.java:28)
Caused by: org.h2.jdbc.JdbcSQLException: Datenbank wird wahrscheinlich bereits benutzt: "Locked by another process". Mögliche Lösungen: alle Verbindungen schliessen; Server Modus verwenden
Database may be already in use: "Locked by another process". Possible solutions: close all other connection(s); use the server mode [90020-160]
	at org.h2.message.DbException.getJdbcSQLException(DbException.java:329)
	at org.h2.message.DbException.get(DbException.java:169)
	at org.h2.message.DbException.get(DbException.java:146)
	at org.h2.store.FileLock.getExceptionAlreadyInUse(FileLock.java:441)
	at org.h2.store.FileLock.lockFile(FileLock.java:338)
	at org.h2.store.FileLock.lock(FileLock.java:134)
	at org.h2.engine.Database.open(Database.java:541)
	at org.h2.engine.Database.openDatabase(Database.java:220)
	at org.h2.engine.Database.<init>(Database.java:215)
	at org.h2.engine.Engine.openSession(Engine.java:56)
	at org.h2.engine.Engine.openSession(Engine.java:159)
	at org.h2.engine.Engine.createSessionAndValidate(Engine.java:138)
	at org.h2.engine.Engine.createSession(Engine.java:121)
	at org.h2.engine.Engine.createSession(Engine.java:28)
	at org.h2.engine.SessionRemote.connectEmbeddedOrServer(SessionRemote.java:285)
	at org.h2.jdbc.JdbcConnection.<init>(JdbcConnection.java:110)
	at org.h2.jdbc.JdbcConnection.<init>(JdbcConnection.java:94)
	at org.h2.Driver.connect(Driver.java:72)
	at java.sql.DriverManager.getConnection(Unknown Source)
	at java.sql.DriverManager.getConnection(Unknown Source)
	at org.peie.avicultura.helper.DbHelper.createConnection(DbHelper.java:155)
	... 3 more
2012-07-12 20:21:43,258: INFO AWT-EventQueue-0 org.peie.avicultura.viewer.Application (Application.java:296) - stop app
 2012-07-12 20:21:43,317: INFO AWT-EventQueue-0 org.peie.avicultura.helper.DbHelper (DbHelper.java:239) - close database
 2012-07-12 20:21:46,250: INFO main org.peie.avicultura.main.Avicultura (Avicultura.java:21) - Version: 0.0.1 beta
 2012-07-12 20:21:46,256: INFO main org.peie.avicultura.main.Avicultura (Avicultura.java:22) - AppData: C:\Users\peie\AppData\Roaming
 2012-07-12 20:21:46,257: INFO main org.peie.avicultura.main.Avicultura (Avicultura.java:23) - DataBase: C:\Users\peie\AppData\Roaming\avicultura
 2012-07-12 20:21:46,258: INFO main org.peie.avicultura.main.AviculturaUtility (AviculturaUtility.java:20) - init avicultura
 2012-07-12 20:21:46,259: INFO main org.peie.avicultura.main.AviculturaUtility (AviculturaUtility.java:24) - true
 2012-07-12 20:21:47,204: INFO main org.peie.avicultura.viewer.Application (Application.java:129) - Start App
 2012-07-12 20:21:47,975: INFO main org.peie.avicultura.viewer.Application (Application.java:171) - icon: file:/C:/Users/peie/Documents/workspace/avicultura/bin/icons/logo_small.png
 2012-07-12 20:21:48,208: INFO main org.peie.avicultura.viewer.Application (Application.java:264) - 0 0 0
 2012-07-12 20:22:01,838: INFO AWT-EventQueue-0 org.peie.avicultura.viewer.Application (Application.java:789) - Popup menu will be visible!
 2012-07-12 20:22:03,034: INFO AWT-EventQueue-0 org.peie.avicultura.viewer.Application (Application.java:793) - Popup menu will be invisible!
 2012-07-12 20:22:12,565: INFO AWT-EventQueue-0 org.peie.avicultura.helper.DbHelper (DbHelper.java:212) - ringno.: 17839-00-004 exists 
 2012-07-12 20:22:13,873: INFO AWT-EventQueue-0 org.peie.avicultura.viewer.Application (AppNewBirdWindow.java:832) - newBirdFlag false
 2012-07-12 20:22:13,875: INFO AWT-EventQueue-0 org.peie.avicultura.helper.BirdObject (BirdObject.java:344) - is new own bird: false
 2012-07-12 20:22:13,877: INFO AWT-EventQueue-0 org.peie.avicultura.helper.BirdObject (BirdObject.java:345) - is new buied bird: true
 2012-07-12 20:22:13,878: INFO AWT-EventQueue-0 org.peie.avicultura.helper.BirdObject (BirdObject.java:346) - is new bird with new species: false
 2012-07-12 20:22:13,903: INFO AWT-EventQueue-0 org.peie.avicultura.helper.DbHelper (DbHelper.java:480) - avi-c9c5b85:13842a4a019:-7f6d
 2012-07-12 20:22:28,227: INFO AWT-EventQueue-0 org.peie.avicultura.viewer.Application (Application.java:789) - Popup menu will be visible!
 2012-07-12 20:22:29,395: INFO AWT-EventQueue-0 org.peie.avicultura.viewer.Application (Application.java:793) - Popup menu will be invisible!
 2012-07-12 20:22:41,988: INFO AWT-EventQueue-0 org.peie.avicultura.helper.DbHelper (DbHelper.java:212) - ringno.: 17839-00-004 exists 
 2012-07-12 20:22:43,274: INFO AWT-EventQueue-0 org.peie.avicultura.viewer.Application (AppNewBirdWindow.java:832) - newBirdFlag false
 2012-07-12 20:22:43,275: INFO AWT-EventQueue-0 org.peie.avicultura.helper.BirdObject (BirdObject.java:344) - is new own bird: false
 2012-07-12 20:22:43,276: INFO AWT-EventQueue-0 org.peie.avicultura.helper.BirdObject (BirdObject.java:345) - is new buied bird: true
 2012-07-12 20:22:43,276: INFO AWT-EventQueue-0 org.peie.avicultura.helper.BirdObject (BirdObject.java:346) - is new bird with new species: false
 2012-07-12 20:22:43,281: INFO AWT-EventQueue-0 org.peie.avicultura.helper.DbHelper (DbHelper.java:480) - avi-298be17b:1387c6d4b9a:-8000
 2012-07-12 20:23:01,395: INFO AWT-EventQueue-0 org.peie.avicultura.viewer.Application (Application.java:789) - Popup menu will be visible!
 2012-07-12 20:23:02,642: INFO AWT-EventQueue-0 org.peie.avicultura.viewer.Application (Application.java:793) - Popup menu will be invisible!
 2012-07-12 20:23:33,091: INFO AWT-EventQueue-0 org.peie.avicultura.viewer.Application (Application.java:789) - Popup menu will be visible!
 2012-07-12 20:23:34,706: INFO AWT-EventQueue-0 org.peie.avicultura.viewer.Application (Application.java:793) - Popup menu will be invisible!
 2012-07-12 20:24:04,003: INFO AWT-EventQueue-0 org.peie.avicultura.viewer.Application (AppNewBirdWindow.java:832) - newBirdFlag false
 2012-07-12 20:24:04,005: INFO AWT-EventQueue-0 org.peie.avicultura.helper.BirdObject (BirdObject.java:344) - is new own bird: false
 2012-07-12 20:24:04,005: INFO AWT-EventQueue-0 org.peie.avicultura.helper.BirdObject (BirdObject.java:345) - is new buied bird: true
 2012-07-12 20:24:04,006: INFO AWT-EventQueue-0 org.peie.avicultura.helper.BirdObject (BirdObject.java:346) - is new bird with new species: false
 2012-07-12 20:24:27,051: INFO AWT-EventQueue-0 org.peie.avicultura.viewer.Application (Application.java:789) - Popup menu will be visible!
 2012-07-12 20:24:28,122: INFO AWT-EventQueue-0 org.peie.avicultura.viewer.Application (Application.java:793) - Popup menu will be invisible!
 2012-07-12 20:24:41,010: INFO AWT-EventQueue-0 org.peie.avicultura.viewer.Application (Application.java:296) - stop app
 2012-07-12 20:24:41,179: INFO AWT-EventQueue-0 org.peie.avicultura.helper.DbHelper (DbHelper.java:239) - close database
 2012-07-12 20:29:09,156: INFO main org.peie.avicultura.main.Avicultura (Avicultura.java:21) - Version: 0.0.1 beta
 2012-07-12 20:29:09,162: INFO main org.peie.avicultura.main.Avicultura (Avicultura.java:22) - AppData: C:\Users\peie\AppData\Roaming
 2012-07-12 20:29:09,163: INFO main org.peie.avicultura.main.Avicultura (Avicultura.java:23) - DataBase: C:\Users\peie\AppData\Roaming\avicultura
 2012-07-12 20:29:09,164: INFO main org.peie.avicultura.main.AviculturaUtility (AviculturaUtility.java:19) - init avicultura
 2012-07-12 20:29:09,165: INFO main org.peie.avicultura.main.AviculturaUtility (AviculturaUtility.java:23) - true
 2012-07-12 20:29:10,258: INFO main org.peie.avicultura.viewer.Application (Application.java:129) - Start App
 2012-07-12 20:29:11,012: INFO main org.peie.avicultura.viewer.Application (Application.java:171) - icon: file:/C:/Users/peie/Documents/workspace/avicultura/bin/icons/logo_small.png
 2012-07-12 20:29:11,252: INFO main org.peie.avicultura.viewer.Application (Application.java:264) - 0 0 0
 2012-07-12 20:29:15,711: INFO AWT-EventQueue-0 org.peie.avicultura.viewer.Application (Application.java:789) - Popup menu will be visible!
 2012-07-12 20:29:16,667: INFO AWT-EventQueue-0 org.peie.avicultura.viewer.Application (Application.java:797) - Popup menu is hidden!
 2012-07-12 20:29:16,668: INFO AWT-EventQueue-0 org.peie.avicultura.viewer.Application (Application.java:793) - Popup menu will be invisible!
 2012-07-12 20:29:16,796: INFO AWT-EventQueue-0 org.peie.avicultura.viewer.Application (Application.java:789) - Popup menu will be visible!
 2012-07-12 20:29:18,066: INFO AWT-EventQueue-0 org.peie.avicultura.viewer.Application (Application.java:797) - Popup menu is hidden!
 2012-07-12 20:29:18,068: INFO AWT-EventQueue-0 org.peie.avicultura.viewer.Application (Application.java:793) - Popup menu will be invisible!
 2012-07-12 20:29:18,212: INFO AWT-EventQueue-0 org.peie.avicultura.viewer.Application (Application.java:789) - Popup menu will be visible!
 2012-07-12 20:29:21,586: INFO AWT-EventQueue-0 org.peie.avicultura.viewer.Application (Application.java:797) - Popup menu is hidden!
 2012-07-12 20:29:21,587: INFO AWT-EventQueue-0 org.peie.avicultura.viewer.Application (Application.java:793) - Popup menu will be invisible!
 2012-07-12 20:29:23,483: INFO AWT-EventQueue-0 org.peie.avicultura.viewer.Application (Application.java:789) - Popup menu will be visible!
 2012-07-12 20:29:26,482: INFO AWT-EventQueue-0 org.peie.avicultura.viewer.Application (Application.java:797) - Popup menu is hidden!
 2012-07-12 20:29:26,483: INFO AWT-EventQueue-0 org.peie.avicultura.viewer.Application (Application.java:793) - Popup menu will be invisible!
 2012-07-12 20:29:29,842: INFO AWT-EventQueue-0 org.peie.avicultura.viewer.Application (Application.java:296) - stop app
 2012-07-12 20:29:29,940: INFO AWT-EventQueue-0 org.peie.avicultura.helper.DbHelper (DbHelper.java:239) - close database
 2012-07-12 20:47:36,647: INFO main org.peie.avicultura.main.Avicultura (Avicultura.java:21) - Version: 0.0.1 beta
 2012-07-12 20:47:36,654: INFO main org.peie.avicultura.main.Avicultura (Avicultura.java:22) - AppData: C:\Users\peie\AppData\Roaming
 2012-07-12 20:47:36,655: INFO main org.peie.avicultura.main.Avicultura (Avicultura.java:23) - DataBase: C:\Users\peie\AppData\Roaming\avicultura
 2012-07-12 20:47:36,656: INFO main org.peie.avicultura.main.AviculturaUtility (AviculturaUtility.java:19) - init avicultura
 2012-07-12 20:47:36,657: INFO main org.peie.avicultura.main.AviculturaUtility (AviculturaUtility.java:23) - true
 2012-07-12 20:47:37,906: INFO main org.peie.avicultura.viewer.Application (Application.java:129) - Start App
 2012-07-12 20:47:38,704: INFO main org.peie.avicultura.viewer.Application (Application.java:171) - icon: file:/C:/Users/peie/Documents/workspace/avicultura/bin/icons/logo_small.png
 2012-07-12 20:47:38,929: INFO main org.peie.avicultura.viewer.Application (Application.java:264) - 0 0 0
 2012-07-12 20:48:06,194: INFO AWT-EventQueue-0 org.peie.avicultura.viewer.Application (Application.java:296) - stop app
 2012-07-12 20:48:06,290: INFO AWT-EventQueue-0 org.peie.avicultura.helper.DbHelper (DbHelper.java:239) - close database
 2012-07-12 20:55:55,381: INFO main org.peie.avicultura.main.Avicultura (Avicultura.java:21) - Version: 0.0.1 beta
 2012-07-12 20:55:55,389: INFO main org.peie.avicultura.main.Avicultura (Avicultura.java:22) - AppData: C:\Users\peie\AppData\Roaming
 2012-07-12 20:55:55,390: INFO main org.peie.avicultura.main.Avicultura (Avicultura.java:23) - DataBase: C:\Users\peie\AppData\Roaming\avicultura
 2012-07-12 20:55:55,391: INFO main org.peie.avicultura.main.AviculturaUtility (AviculturaUtility.java:19) - init avicultura
 2012-07-12 20:55:55,392: INFO main org.peie.avicultura.main.AviculturaUtility (AviculturaUtility.java:23) - true
 2012-07-12 20:55:56,548: INFO main org.peie.avicultura.viewer.Application (Application.java:130) - Start App
 2012-07-12 20:55:57,344: INFO main org.peie.avicultura.viewer.Application (Application.java:172) - icon: file:/C:/Users/peie/Documents/workspace/avicultura/bin/icons/logo_small.png
 2012-07-12 20:55:57,595: INFO main org.peie.avicultura.viewer.Application (Application.java:265) - 0 0 0
 2012-07-12 20:56:03,269: INFO AWT-EventQueue-0 org.peie.avicultura.viewer.Application (Application.java:796) - Popup menu will be visible!
 2012-07-12 20:56:04,395: INFO AWT-EventQueue-0 org.peie.avicultura.viewer.Application (Application.java:804) - Popup menu is hidden!
 2012-07-12 20:56:04,396: INFO AWT-EventQueue-0 org.peie.avicultura.viewer.Application (Application.java:800) - Popup menu will be invisible!
 2012-07-12 20:56:04,516: INFO AWT-EventQueue-0 org.peie.avicultura.viewer.Application (Application.java:796) - Popup menu will be visible!
 2012-07-12 20:56:06,099: INFO AWT-EventQueue-0 org.peie.avicultura.viewer.Application (Application.java:804) - Popup menu is hidden!
 2012-07-12 20:56:06,100: INFO AWT-EventQueue-0 org.peie.avicultura.viewer.Application (Application.java:800) - Popup menu will be invisible!
 2012-07-12 20:56:06,206: INFO AWT-EventQueue-0 org.peie.avicultura.viewer.Application (Application.java:796) - Popup menu will be visible!
 2012-07-12 20:56:07,042: INFO AWT-EventQueue-0 org.peie.avicultura.viewer.Application (Application.java:804) - Popup menu is hidden!
 2012-07-12 20:56:07,043: INFO AWT-EventQueue-0 org.peie.avicultura.viewer.Application (Application.java:800) - Popup menu will be invisible!
 2012-07-12 20:56:07,323: INFO AWT-EventQueue-0 org.peie.avicultura.viewer.Application (Application.java:796) - Popup menu will be visible!
 2012-07-12 20:56:08,762: INFO AWT-EventQueue-0 org.peie.avicultura.viewer.Application (Application.java:804) - Popup menu is hidden!
 2012-07-12 20:56:08,764: INFO AWT-EventQueue-0 org.peie.avicultura.viewer.Application (Application.java:800) - Popup menu will be invisible!
 2012-07-12 20:56:10,795: INFO AWT-EventQueue-0 org.peie.avicultura.viewer.Application (Application.java:796) - Popup menu will be visible!
 2012-07-12 20:56:11,755: INFO AWT-EventQueue-0 org.peie.avicultura.viewer.Application (Application.java:804) - Popup menu is hidden!
 2012-07-12 20:56:11,756: INFO AWT-EventQueue-0 org.peie.avicultura.viewer.Application (Application.java:800) - Popup menu will be invisible!
 2012-07-12 20:56:11,876: INFO AWT-EventQueue-0 org.peie.avicultura.viewer.Application (Application.java:796) - Popup menu will be visible!
 2012-07-12 20:56:13,274: INFO AWT-EventQueue-0 org.peie.avicultura.viewer.Application (Application.java:804) - Popup menu is hidden!
 2012-07-12 20:56:13,275: INFO AWT-EventQueue-0 org.peie.avicultura.viewer.Application (Application.java:800) - Popup menu will be invisible!
 2012-07-12 20:56:13,386: INFO AWT-EventQueue-0 org.peie.avicultura.viewer.Application (Application.java:297) - stop app
 2012-07-12 20:56:13,442: INFO AWT-EventQueue-0 org.peie.avicultura.helper.DbHelper (DbHelper.java:239) - close database
 2012-07-12 20:56:50,680: INFO main org.peie.avicultura.main.Avicultura (Avicultura.java:21) - Version: 0.0.1 beta
 2012-07-12 20:56:50,687: INFO main org.peie.avicultura.main.Avicultura (Avicultura.java:22) - AppData: C:\Users\peie\AppData\Roaming
 2012-07-12 20:56:50,688: INFO main org.peie.avicultura.main.Avicultura (Avicultura.java:23) - DataBase: C:\Users\peie\AppData\Roaming\avicultura
 2012-07-12 20:56:50,689: INFO main org.peie.avicultura.main.AviculturaUtility (AviculturaUtility.java:19) - init avicultura
 2012-07-12 20:56:50,690: INFO main org.peie.avicultura.main.AviculturaUtility (AviculturaUtility.java:23) - true
 2012-07-12 20:56:51,812: INFO main org.peie.avicultura.viewer.Application (Application.java:130) - Start App
 2012-07-12 20:56:52,602: INFO main org.peie.avicultura.viewer.Application (Application.java:172) - icon: file:/C:/Users/peie/Documents/workspace/avicultura/bin/icons/logo_small.png
 2012-07-12 20:56:52,841: INFO main org.peie.avicultura.viewer.Application (Application.java:265) - 0 0 0
 2012-07-12 20:56:57,030: INFO AWT-EventQueue-0 org.peie.avicultura.viewer.Application (Application.java:796) - Popup menu will be visible!
 2012-07-12 20:56:58,523: INFO AWT-EventQueue-0 org.peie.avicultura.viewer.Application (Application.java:804) - Popup menu is hidden!
 2012-07-12 20:56:58,524: INFO AWT-EventQueue-0 org.peie.avicultura.viewer.Application (Application.java:800) - Popup menu will be invisible!
 2012-07-12 20:56:58,644: INFO AWT-EventQueue-0 org.peie.avicultura.viewer.Application (Application.java:796) - Popup menu will be visible!
 2012-07-12 20:56:59,827: INFO AWT-EventQueue-0 org.peie.avicultura.viewer.Application (Application.java:804) - Popup menu is hidden!
 2012-07-12 20:56:59,828: INFO AWT-EventQueue-0 org.peie.avicultura.viewer.Application (Application.java:800) - Popup menu will be invisible!
 2012-07-12 20:57:00,532: INFO AWT-EventQueue-0 org.peie.avicultura.viewer.Application (Application.java:796) - Popup menu will be visible!
 2012-07-12 20:57:02,459: INFO AWT-EventQueue-0 org.peie.avicultura.viewer.Application (Application.java:804) - Popup menu is hidden!
 2012-07-12 20:57:02,460: INFO AWT-EventQueue-0 org.peie.avicultura.viewer.Application (Application.java:800) - Popup menu will be invisible!
 2012-07-12 20:57:03,539: INFO AWT-EventQueue-0 org.peie.avicultura.viewer.Application (Application.java:796) - Popup menu will be visible!
 2012-07-12 20:57:12,674: INFO AWT-EventQueue-0 org.peie.avicultura.viewer.Application (Application.java:804) - Popup menu is hidden!
 2012-07-12 20:57:12,675: INFO AWT-EventQueue-0 org.peie.avicultura.viewer.Application (Application.java:800) - Popup menu will be invisible!
 2012-07-12 20:57:15,811: INFO AWT-EventQueue-0 org.peie.avicultura.viewer.Application (Application.java:796) - Popup menu will be visible!
 2012-07-12 20:57:17,810: INFO AWT-EventQueue-0 org.peie.avicultura.viewer.Application (Application.java:804) - Popup menu is hidden!
 2012-07-12 20:57:17,812: INFO AWT-EventQueue-0 org.peie.avicultura.viewer.Application (Application.java:800) - Popup menu will be invisible!
 2012-07-12 20:57:18,142: INFO AWT-EventQueue-0 org.peie.avicultura.viewer.Application (Application.java:796) - Popup menu will be visible!
 2012-07-12 20:57:19,649: INFO AWT-EventQueue-0 org.peie.avicultura.viewer.Application (Application.java:804) - Popup menu is hidden!
 2012-07-12 20:57:19,649: INFO AWT-EventQueue-0 org.peie.avicultura.viewer.Application (Application.java:800) - Popup menu will be invisible!
 2012-07-12 20:57:19,759: INFO AWT-EventQueue-0 org.peie.avicultura.viewer.Application (Application.java:297) - stop app
 2012-07-12 20:57:19,821: INFO AWT-EventQueue-0 org.peie.avicultura.helper.DbHelper (DbHelper.java:239) - close database
 2012-07-12 20:57:33,352: INFO main org.peie.avicultura.main.Avicultura (Avicultura.java:21) - Version: 0.0.1 beta
 2012-07-12 20:57:33,358: INFO main org.peie.avicultura.main.Avicultura (Avicultura.java:22) - AppData: C:\Users\peie\AppData\Roaming
 2012-07-12 20:57:33,359: INFO main org.peie.avicultura.main.Avicultura (Avicultura.java:23) - DataBase: C:\Users\peie\AppData\Roaming\avicultura
 2012-07-12 20:57:33,360: INFO main org.peie.avicultura.main.AviculturaUtility (AviculturaUtility.java:19) - init avicultura
 2012-07-12 20:57:33,361: INFO main org.peie.avicultura.main.AviculturaUtility (AviculturaUtility.java:23) - true
 2012-07-12 20:57:34,468: INFO main org.peie.avicultura.viewer.Application (Application.java:130) - Start App
 2012-07-12 20:57:35,239: INFO main org.peie.avicultura.viewer.Application (Application.java:172) - icon: file:/C:/Users/peie/Documents/workspace/avicultura/bin/icons/logo_small.png
 2012-07-12 20:57:35,466: INFO main org.peie.avicultura.viewer.Application (Application.java:265) - 0 0 0
 2012-07-12 20:57:42,651: INFO AWT-EventQueue-0 org.peie.avicultura.viewer.Application (Application.java:796) - Popup menu will be visible!
 2012-07-12 20:57:44,842: INFO AWT-EventQueue-0 org.peie.avicultura.viewer.Application (Application.java:804) - Popup menu is hidden!
 2012-07-12 20:57:44,844: INFO AWT-EventQueue-0 org.peie.avicultura.viewer.Application (Application.java:800) - Popup menu will be invisible!
 2012-07-12 20:57:45,251: INFO AWT-EventQueue-0 org.peie.avicultura.viewer.Application (Application.java:796) - Popup menu will be visible!
 2012-07-12 20:57:45,378: INFO AWT-EventQueue-0 org.peie.avicultura.viewer.Application (Application.java:804) - Popup menu is hidden!
 2012-07-12 20:57:45,379: INFO AWT-EventQueue-0 org.peie.avicultura.viewer.Application (Application.java:800) - Popup menu will be invisible!
 2012-07-12 20:57:46,267: INFO AWT-EventQueue-0 org.peie.avicultura.viewer.Application (Application.java:796) - Popup menu will be visible!
 2012-07-12 20:57:47,978: INFO AWT-EventQueue-0 org.peie.avicultura.viewer.Application (Application.java:804) - Popup menu is hidden!
 2012-07-12 20:57:47,979: INFO AWT-EventQueue-0 org.peie.avicultura.viewer.Application (Application.java:800) - Popup menu will be invisible!
 2012-07-12 20:57:48,115: INFO AWT-EventQueue-0 org.peie.avicultura.viewer.Application (Application.java:796) - Popup menu will be visible!
 2012-07-12 20:57:50,275: INFO AWT-EventQueue-0 org.peie.avicultura.viewer.Application (Application.java:804) - Popup menu is hidden!
 2012-07-12 20:57:50,276: INFO AWT-EventQueue-0 org.peie.avicultura.viewer.Application (Application.java:800) - Popup menu will be invisible!
 2012-07-12 20:57:52,028: INFO AWT-EventQueue-0 org.peie.avicultura.viewer.Application (Application.java:796) - Popup menu will be visible!
 2012-07-12 20:57:54,291: INFO AWT-EventQueue-0 org.peie.avicultura.viewer.Application (Application.java:804) - Popup menu is hidden!
 2012-07-12 20:57:54,292: INFO AWT-EventQueue-0 org.peie.avicultura.viewer.Application (Application.java:800) - Popup menu will be invisible!
 2012-07-12 20:57:54,402: INFO AWT-EventQueue-0 org.peie.avicultura.viewer.Application (Application.java:297) - stop app
 2012-07-12 20:57:54,472: INFO AWT-EventQueue-0 org.peie.avicultura.helper.DbHelper (DbHelper.java:239) - close database
 2012-07-12 20:58:08,739: INFO main org.peie.avicultura.main.Avicultura (Avicultura.java:21) - Version: 0.0.1 beta
 2012-07-12 20:58:08,750: INFO main org.peie.avicultura.main.Avicultura (Avicultura.java:22) - AppData: C:\Users\peie\AppData\Roaming
 2012-07-12 20:58:08,750: INFO main org.peie.avicultura.main.Avicultura (Avicultura.java:23) - DataBase: C:\Users\peie\AppData\Roaming\avicultura
 2012-07-12 20:58:08,751: INFO main org.peie.avicultura.main.AviculturaUtility (AviculturaUtility.java:19) - init avicultura
 2012-07-12 20:58:08,752: INFO main org.peie.avicultura.main.AviculturaUtility (AviculturaUtility.java:23) - true
 2012-07-12 20:58:09,822: INFO main org.peie.avicultura.viewer.Application (Application.java:130) - Start App
 2012-07-12 20:58:10,558: INFO main org.peie.avicultura.viewer.Application (Application.java:172) - icon: file:/C:/Users/peie/Documents/workspace/avicultura/bin/icons/logo_small.png
 2012-07-12 20:58:10,796: INFO main org.peie.avicultura.viewer.Application (Application.java:265) - 0 0 0
 2012-07-12 20:58:15,311: INFO AWT-EventQueue-0 org.peie.avicultura.viewer.Application (Application.java:796) - Popup menu will be visible!
 2012-07-12 20:58:21,603: INFO AWT-EventQueue-0 org.peie.avicultura.viewer.Application (Application.java:800) - Popup menu will be invisible!
 2012-07-12 20:58:25,475: INFO AWT-EventQueue-0 org.peie.avicultura.viewer.Application (Application.java:297) - stop app
 2012-07-12 20:58:25,530: INFO AWT-EventQueue-0 org.peie.avicultura.helper.DbHelper (DbHelper.java:239) - close database
 2012-07-12 21:09:05,529: INFO main org.peie.avicultura.main.Avicultura (Avicultura.java:21) - Version: 0.0.1 beta
 2012-07-12 21:09:05,537: INFO main org.peie.avicultura.main.Avicultura (Avicultura.java:22) - AppData: C:\Users\peie\AppData\Roaming
 2012-07-12 21:09:05,538: INFO main org.peie.avicultura.main.Avicultura (Avicultura.java:23) - DataBase: C:\Users\peie\AppData\Roaming\avicultura
 2012-07-12 21:09:05,538: INFO main org.peie.avicultura.main.AviculturaUtility (AviculturaUtility.java:19) - init avicultura
 2012-07-12 21:09:05,540: INFO main org.peie.avicultura.main.AviculturaUtility (AviculturaUtility.java:23) - true
 2012-07-12 21:09:06,818: INFO main org.peie.avicultura.viewer.Application (Application.java:130) - Start App
 2012-07-12 21:09:07,682: INFO main org.peie.avicultura.viewer.Application (Application.java:172) - icon: file:/C:/Users/peie/Documents/workspace/avicultura/bin/icons/logo_small.png
 2012-07-12 21:09:07,932: INFO main org.peie.avicultura.viewer.Application (Application.java:265) - 0 0 0
 2012-07-12 21:09:13,504: INFO AWT-EventQueue-0 org.peie.avicultura.viewer.Application (Application.java:806) - Popup menu will be visible!
 2012-07-12 21:09:15,448: INFO AWT-EventQueue-0 org.peie.avicultura.viewer.Application (Application.java:810) - Popup menu will be invisible!
 2012-07-12 21:09:32,146: INFO AWT-EventQueue-0 org.peie.avicultura.viewer.Application (Application.java:297) - stop app
 2012-07-12 21:09:32,248: INFO AWT-EventQueue-0 org.peie.avicultura.helper.DbHelper (DbHelper.java:243) - close database
 2012-07-12 21:11:53,832: INFO main org.peie.avicultura.main.Avicultura (Avicultura.java:21) - Version: 0.0.1 beta
 2012-07-12 21:11:53,842: INFO main org.peie.avicultura.main.Avicultura (Avicultura.java:22) - AppData: C:\Users\peie\AppData\Roaming
 2012-07-12 21:11:53,843: INFO main org.peie.avicultura.main.Avicultura (Avicultura.java:23) - DataBase: C:\Users\peie\AppData\Roaming\avicultura
 2012-07-12 21:11:53,844: INFO main org.peie.avicultura.main.AviculturaUtility (AviculturaUtility.java:19) - init avicultura
 2012-07-12 21:11:53,845: INFO main org.peie.avicultura.main.AviculturaUtility (AviculturaUtility.java:23) - true
 2012-07-12 21:11:55,025: INFO main org.peie.avicultura.viewer.Application (Application.java:130) - Start App
 2012-07-12 21:11:55,833: INFO main org.peie.avicultura.viewer.Application (Application.java:172) - icon: file:/C:/Users/peie/Documents/workspace/avicultura/bin/icons/logo_small.png
 2012-07-12 21:11:56,080: INFO main org.peie.avicultura.viewer.Application (Application.java:265) - 0 0 0
 2012-07-12 21:12:03,158: INFO AWT-EventQueue-0 org.peie.avicultura.viewer.Application (Application.java:815) - Popup menu will be visible!
 2012-07-12 21:12:04,779: INFO AWT-EventQueue-0 org.peie.avicultura.viewer.Application (Application.java:819) - Popup menu will be invisible!
 2012-07-12 21:12:22,426: INFO AWT-EventQueue-0 org.peie.avicultura.viewer.Application (Application.java:297) - stop app
 2012-07-12 21:12:22,531: INFO AWT-EventQueue-0 org.peie.avicultura.helper.DbHelper (DbHelper.java:243) - close database
 2012-07-12 21:12:42,899: INFO main org.peie.avicultura.main.Avicultura (Avicultura.java:21) - Version: 0.0.1 beta
 2012-07-12 21:12:42,908: INFO main org.peie.avicultura.main.Avicultura (Avicultura.java:22) - AppData: C:\Users\peie\AppData\Roaming
 2012-07-12 21:12:42,908: INFO main org.peie.avicultura.main.Avicultura (Avicultura.java:23) - DataBase: C:\Users\peie\AppData\Roaming\avicultura
 2012-07-12 21:12:42,909: INFO main org.peie.avicultura.main.AviculturaUtility (AviculturaUtility.java:19) - init avicultura
 2012-07-12 21:12:42,910: INFO main org.peie.avicultura.main.AviculturaUtility (AviculturaUtility.java:23) - true
 2012-07-12 21:12:44,110: INFO main org.peie.avicultura.viewer.Application (Application.java:130) - Start App
 2012-07-12 21:12:44,927: INFO main org.peie.avicultura.viewer.Application (Application.java:172) - icon: file:/C:/Users/peie/Documents/workspace/avicultura/bin/icons/logo_small.png
 2012-07-12 21:12:45,177: INFO main org.peie.avicultura.viewer.Application (Application.java:265) - 0 0 0
 2012-07-12 21:12:47,890: INFO AWT-EventQueue-0 org.peie.avicultura.viewer.Application (Application.java:297) - stop app
 2012-07-12 21:12:48,013: INFO AWT-EventQueue-0 org.peie.avicultura.helper.DbHelper (DbHelper.java:243) - close database
 2012-07-12 21:12:50,263: INFO main org.peie.avicultura.main.Avicultura (Avicultura.java:21) - Version: 0.0.1 beta
 2012-07-12 21:12:50,270: INFO main org.peie.avicultura.main.Avicultura (Avicultura.java:22) - AppData: C:\Users\peie\AppData\Roaming
 2012-07-12 21:12:50,270: INFO main org.peie.avicultura.main.Avicultura (Avicultura.java:23) - DataBase: C:\Users\peie\AppData\Roaming\avicultura
 2012-07-12 21:12:50,271: INFO main org.peie.avicultura.main.AviculturaUtility (AviculturaUtility.java:19) - init avicultura
 2012-07-12 21:12:50,272: INFO main org.peie.avicultura.main.AviculturaUtility (AviculturaUtility.java:23) - true
 2012-07-12 21:12:51,293: INFO main org.peie.avicultura.viewer.Application (Application.java:130) - Start App
 2012-07-12 21:12:52,042: INFO main org.peie.avicultura.viewer.Application (Application.java:172) - icon: file:/C:/Users/peie/Documents/workspace/avicultura/bin/icons/logo_small.png
 2012-07-12 21:12:52,271: INFO main org.peie.avicultura.viewer.Application (Application.java:265) - 0 0 0
 2012-07-12 21:13:15,308: INFO AWT-EventQueue-0 org.peie.avicultura.viewer.Application (Application.java:815) - Popup menu will be visible!
 2012-07-12 21:13:16,954: INFO AWT-EventQueue-0 org.peie.avicultura.viewer.Application (Application.java:819) - Popup menu will be invisible!
 2012-07-12 21:13:29,779: INFO AWT-EventQueue-0 org.peie.avicultura.viewer.Application (Application.java:297) - stop app
 2012-07-12 21:13:29,844: INFO AWT-EventQueue-0 org.peie.avicultura.helper.DbHelper (DbHelper.java:243) - close database
 2012-07-12 21:15:39,280: INFO main org.peie.avicultura.main.Avicultura (Avicultura.java:21) - Version: 0.0.1 beta
 2012-07-12 21:15:39,288: INFO main org.peie.avicultura.main.Avicultura (Avicultura.java:22) - AppData: C:\Users\peie\AppData\Roaming
 2012-07-12 21:15:39,289: INFO main org.peie.avicultura.main.Avicultura (Avicultura.java:23) - DataBase: C:\Users\peie\AppData\Roaming\avicultura
 2012-07-12 21:15:39,289: INFO main org.peie.avicultura.main.AviculturaUtility (AviculturaUtility.java:19) - init avicultura
 2012-07-12 21:15:39,290: INFO main org.peie.avicultura.main.AviculturaUtility (AviculturaUtility.java:23) - true
 2012-07-12 21:15:40,424: INFO main org.peie.avicultura.viewer.Application (Application.java:130) - Start App
 2012-07-12 21:15:41,256: INFO main org.peie.avicultura.viewer.Application (Application.java:172) - icon: file:/C:/Users/peie/Documents/workspace/avicultura/bin/icons/logo_small.png
 2012-07-12 21:15:41,519: INFO main org.peie.avicultura.viewer.Application (Application.java:265) - 0 0 0
 2012-07-12 21:16:10,715: INFO AWT-EventQueue-0 org.peie.avicultura.viewer.Application (Application.java:297) - stop app
 2012-07-12 21:16:10,777: INFO AWT-EventQueue-0 org.peie.avicultura.helper.DbHelper (DbHelper.java:243) - close database
 2012-07-12 21:19:29,702: INFO main org.peie.avicultura.main.Avicultura (Avicultura.java:21) - Version: 0.0.1 beta
 2012-07-12 21:19:29,709: INFO main org.peie.avicultura.main.Avicultura (Avicultura.java:22) - AppData: C:\Users\peie\AppData\Roaming
 2012-07-12 21:19:29,710: INFO main org.peie.avicultura.main.Avicultura (Avicultura.java:23) - DataBase: C:\Users\peie\AppData\Roaming\avicultura
 2012-07-12 21:19:29,711: INFO main org.peie.avicultura.main.AviculturaUtility (AviculturaUtility.java:19) - init avicultura
 2012-07-12 21:19:29,712: INFO main org.peie.avicultura.main.AviculturaUtility (AviculturaUtility.java:23) - true
 2012-07-12 21:19:30,779: INFO main org.peie.avicultura.viewer.Application (Application.java:130) - Start App
 2012-07-12 21:19:31,522: INFO main org.peie.avicultura.viewer.Application (Application.java:172) - icon: file:/C:/Users/peie/Documents/workspace/avicultura/bin/icons/logo_small.png
 2012-07-12 21:19:31,797: INFO main org.peie.avicultura.viewer.Application (Application.java:265) - 0 0 0
 2012-07-12 21:19:41,478: INFO AWT-EventQueue-0 org.peie.avicultura.viewer.Application (Application.java:813) - Popup menu will be visible!
 2012-07-12 21:19:43,155: INFO AWT-EventQueue-0 org.peie.avicultura.viewer.Application (Application.java:817) - Popup menu will be invisible!
 2012-07-12 21:19:47,429: INFO AWT-EventQueue-0 org.peie.avicultura.helper.DbHelper (DbHelper.java:215) - ringno.: 888 exists 
 2012-07-12 21:19:48,817: INFO AWT-EventQueue-0 org.peie.avicultura.viewer.Application (AppNewBirdWindow.java:833) - newBirdFlag false
 2012-07-12 21:19:48,819: INFO AWT-EventQueue-0 org.peie.avicultura.helper.BirdObject (BirdObject.java:344) - is new own bird: true
 2012-07-12 21:19:48,820: INFO AWT-EventQueue-0 org.peie.avicultura.helper.BirdObject (BirdObject.java:345) - is new buied bird: false
 2012-07-12 21:19:48,821: INFO AWT-EventQueue-0 org.peie.avicultura.helper.BirdObject (BirdObject.java:346) - is new bird with new species: false
 2012-07-12 21:19:48,823: INFO AWT-EventQueue-0 org.peie.avicultura.helper.DbHelper (DbHelper.java:502) - avi3b324903:1386cc384cc:-8000
 2012-07-12 21:20:58,293: INFO AWT-EventQueue-0 org.peie.avicultura.viewer.Application (AppNewBirdWindow.java:833) - newBirdFlag true
 2012-07-12 21:20:58,294: INFO AWT-EventQueue-0 org.peie.avicultura.helper.BirdObject (BirdObject.java:344) - is new own bird: false
 2012-07-12 21:20:58,295: INFO AWT-EventQueue-0 org.peie.avicultura.helper.BirdObject (BirdObject.java:345) - is new buied bird: false
 2012-07-12 21:20:58,296: INFO AWT-EventQueue-0 org.peie.avicultura.helper.BirdObject (BirdObject.java:346) - is new bird with new species: true
 2012-07-12 21:21:23,453: INFO AWT-EventQueue-0 org.peie.avicultura.viewer.Application (AppNewBirdWindow.java:833) - newBirdFlag false
 2012-07-12 21:21:23,454: INFO AWT-EventQueue-0 org.peie.avicultura.helper.BirdObject (BirdObject.java:344) - is new own bird: false
 2012-07-12 21:21:23,455: INFO AWT-EventQueue-0 org.peie.avicultura.helper.BirdObject (BirdObject.java:345) - is new buied bird: true
 2012-07-12 21:21:23,455: INFO AWT-EventQueue-0 org.peie.avicultura.helper.BirdObject (BirdObject.java:346) - is new bird with new species: false
 2012-07-12 21:21:44,603: INFO AWT-EventQueue-0 org.peie.avicultura.viewer.Application (Application.java:813) - Popup menu will be visible!
 2012-07-12 21:21:46,106: INFO AWT-EventQueue-0 org.peie.avicultura.viewer.Application (Application.java:817) - Popup menu will be invisible!
 2012-07-12 21:22:04,411: INFO AWT-EventQueue-0 org.peie.avicultura.helper.DbHelper (DbHelper.java:215) - ringno.: 18489-12-090 exists 
 2012-07-12 21:22:06,480: INFO AWT-EventQueue-0 org.peie.avicultura.viewer.Application (AppNewBirdWindow.java:833) - newBirdFlag false
 2012-07-12 21:22:06,482: INFO AWT-EventQueue-0 org.peie.avicultura.helper.BirdObject (BirdObject.java:344) - is new own bird: false
 2012-07-12 21:22:06,482: INFO AWT-EventQueue-0 org.peie.avicultura.helper.BirdObject (BirdObject.java:345) - is new buied bird: true
 2012-07-12 21:22:06,483: INFO AWT-EventQueue-0 org.peie.avicultura.helper.BirdObject (BirdObject.java:346) - is new bird with new species: false
 2012-07-12 21:22:06,485: INFO AWT-EventQueue-0 org.peie.avicultura.helper.DbHelper (DbHelper.java:502) - avi-2fa5b6e:1387ca20360:-7ffe
 2012-07-12 21:22:21,971: INFO AWT-EventQueue-0 org.peie.avicultura.viewer.Application (Application.java:813) - Popup menu will be visible!
 2012-07-12 21:22:23,115: INFO AWT-EventQueue-0 org.peie.avicultura.viewer.Application (Application.java:817) - Popup menu will be invisible!
 2012-07-12 21:23:24,035: INFO AWT-EventQueue-0 org.peie.avicultura.viewer.Application (AppNewBirdWindow.java:833) - newBirdFlag true
 2012-07-12 21:23:24,036: INFO AWT-EventQueue-0 org.peie.avicultura.helper.BirdObject (BirdObject.java:344) - is new own bird: true
 2012-07-12 21:23:24,037: INFO AWT-EventQueue-0 org.peie.avicultura.helper.BirdObject (BirdObject.java:345) - is new buied bird: false
 2012-07-12 21:23:24,038: INFO AWT-EventQueue-0 org.peie.avicultura.helper.BirdObject (BirdObject.java:346) - is new bird with new species: false
 2012-07-12 21:23:33,955: INFO AWT-EventQueue-0 org.peie.avicultura.helper.DbHelper (DbHelper.java:215) - ringno.: 18489-12-100 exists 
 2012-07-12 21:23:59,187: INFO AWT-EventQueue-0 org.peie.avicultura.viewer.Application (AppNewBirdWindow.java:833) - newBirdFlag false
 2012-07-12 21:23:59,188: INFO AWT-EventQueue-0 org.peie.avicultura.helper.BirdObject (BirdObject.java:344) - is new own bird: true
 2012-07-12 21:23:59,189: INFO AWT-EventQueue-0 org.peie.avicultura.helper.BirdObject (BirdObject.java:345) - is new buied bird: false
 2012-07-12 21:23:59,190: INFO AWT-EventQueue-0 org.peie.avicultura.helper.BirdObject (BirdObject.java:346) - is new bird with new species: false
 2012-07-12 21:24:18,714: INFO AWT-EventQueue-0 org.peie.avicultura.helper.DbHelper (DbHelper.java:215) - ringno.: 18489-12-101 exists 
 2012-07-12 21:24:20,266: INFO AWT-EventQueue-0 org.peie.avicultura.viewer.Application (AppNewBirdWindow.java:833) - newBirdFlag false
 2012-07-12 21:24:20,267: INFO AWT-EventQueue-0 org.peie.avicultura.helper.BirdObject (BirdObject.java:344) - is new own bird: true
 2012-07-12 21:24:20,268: INFO AWT-EventQueue-0 org.peie.avicultura.helper.BirdObject (BirdObject.java:345) - is new buied bird: false
 2012-07-12 21:24:20,268: INFO AWT-EventQueue-0 org.peie.avicultura.helper.BirdObject (BirdObject.java:346) - is new bird with new species: false
 2012-07-12 21:24:20,269: INFO AWT-EventQueue-0 org.peie.avicultura.helper.DbHelper (DbHelper.java:502) - avi-2fa5b6e:1387ca20360:-7ffa
 2012-07-12 21:25:53,707: INFO AWT-EventQueue-0 org.peie.avicultura.viewer.Application (Application.java:297) - stop app
 2012-07-12 21:25:53,805: INFO AWT-EventQueue-0 org.peie.avicultura.helper.DbHelper (DbHelper.java:243) - close database
 2012-07-12 21:34:01,146: INFO main org.peie.avicultura.main.Avicultura (Avicultura.java:21) - Version: 0.0.1 beta
 2012-07-12 21:34:01,154: INFO main org.peie.avicultura.main.Avicultura (Avicultura.java:22) - AppData: C:\Users\peie\AppData\Roaming
 2012-07-12 21:34:01,155: INFO main org.peie.avicultura.main.Avicultura (Avicultura.java:23) - DataBase: C:\Users\peie\AppData\Roaming\avicultura
 2012-07-12 21:34:01,156: INFO main org.peie.avicultura.main.AviculturaUtility (AviculturaUtility.java:19) - init avicultura
 2012-07-12 21:34:01,157: INFO main org.peie.avicultura.main.AviculturaUtility (AviculturaUtility.java:23) - true
 2012-07-12 21:34:02,436: INFO main org.peie.avicultura.viewer.Application (Application.java:130) - Start App
 2012-07-12 21:34:03,340: INFO main org.peie.avicultura.viewer.Application (Application.java:172) - icon: file:/C:/Users/peie/Documents/workspace/avicultura/bin/icons/logo_small.png
 2012-07-12 21:34:03,586: INFO main org.peie.avicultura.viewer.Application (Application.java:265) - 0 0 0
 2012-07-12 21:34:12,862: INFO AWT-EventQueue-0 org.peie.avicultura.viewer.Application (Application.java:813) - Popup menu will be visible!
 2012-07-12 21:34:14,691: INFO AWT-EventQueue-0 org.peie.avicultura.viewer.Application (Application.java:817) - Popup menu will be invisible!
 2012-07-12 21:34:22,127: INFO AWT-EventQueue-0 org.peie.avicultura.helper.DbHelper (DbHelper.java:215) - ringno.: 18489-12-100 exists 
 2012-07-12 21:34:30,351: INFO AWT-EventQueue-0 org.peie.avicultura.helper.DbHelper (DbHelper.java:215) - ringno.: 18489-12-101 exists 
 2012-07-12 21:34:35,560: INFO AWT-EventQueue-0 org.peie.avicultura.viewer.Application (AppNewBirdWindow.java:837) - newBirdFlag false
 2012-07-12 21:34:35,562: INFO AWT-EventQueue-0 org.peie.avicultura.helper.BirdObject (BirdObject.java:344) - is new own bird: true
 2012-07-12 21:34:35,563: INFO AWT-EventQueue-0 org.peie.avicultura.helper.BirdObject (BirdObject.java:345) - is new buied bird: false
 2012-07-12 21:34:35,564: INFO AWT-EventQueue-0 org.peie.avicultura.helper.BirdObject (BirdObject.java:346) - is new bird with new species: false
 2012-07-12 21:34:48,380: INFO AWT-EventQueue-0 org.peie.avicultura.helper.DbHelper (DbHelper.java:215) - ringno.: 18489-12-102 exists 
 2012-07-12 21:34:55,069: INFO AWT-EventQueue-0 org.peie.avicultura.viewer.Application (AppNewBirdWindow.java:837) - newBirdFlag false
 2012-07-12 21:34:55,070: INFO AWT-EventQueue-0 org.peie.avicultura.helper.BirdObject (BirdObject.java:344) - is new own bird: true
 2012-07-12 21:34:55,071: INFO AWT-EventQueue-0 org.peie.avicultura.helper.BirdObject (BirdObject.java:345) - is new buied bird: false
 2012-07-12 21:34:55,072: INFO AWT-EventQueue-0 org.peie.avicultura.helper.BirdObject (BirdObject.java:346) - is new bird with new species: false
 2012-07-12 21:35:20,356: INFO AWT-EventQueue-0 org.peie.avicultura.viewer.Application (Application.java:813) - Popup menu will be visible!
 2012-07-12 21:35:22,338: INFO AWT-EventQueue-0 org.peie.avicultura.viewer.Application (Application.java:817) - Popup menu will be invisible!
 2012-07-12 21:35:33,492: INFO AWT-EventQueue-0 org.peie.avicultura.viewer.Application (Application.java:813) - Popup menu will be visible!
 2012-07-12 21:35:34,987: INFO AWT-EventQueue-0 org.peie.avicultura.viewer.Application (Application.java:817) - Popup menu will be invisible!
 2012-07-12 21:35:42,125: INFO AWT-EventQueue-0 org.peie.avicultura.viewer.Application (AppNewBirdWindow.java:837) - newBirdFlag false
 2012-07-12 21:35:42,126: INFO AWT-EventQueue-0 org.peie.avicultura.helper.BirdObject (BirdObject.java:344) - is new own bird: true
 2012-07-12 21:35:42,127: INFO AWT-EventQueue-0 org.peie.avicultura.helper.BirdObject (BirdObject.java:345) - is new buied bird: false
 2012-07-12 21:35:42,128: INFO AWT-EventQueue-0 org.peie.avicultura.helper.BirdObject (BirdObject.java:346) - is new bird with new species: false
 2012-07-12 21:35:55,354: INFO AWT-EventQueue-0 org.peie.avicultura.viewer.Application (Application.java:297) - stop app
 2012-07-12 21:35:55,461: INFO AWT-EventQueue-0 org.peie.avicultura.helper.DbHelper (DbHelper.java:243) - close database
 2012-07-15 15:40:45,111: INFO main org.peie.avicultura.main.Avicultura (Avicultura.java:21) - Version: 0.0.1 beta
 2012-07-15 15:40:45,189: INFO main org.peie.avicultura.main.Avicultura (Avicultura.java:22) - AppData: C:\Users\peie\AppData\Roaming
 2012-07-15 15:40:45,190: INFO main org.peie.avicultura.main.Avicultura (Avicultura.java:23) - DataBase: C:\Users\peie\AppData\Roaming\avicultura
 2012-07-15 15:40:45,190: INFO main org.peie.avicultura.main.AviculturaUtility (AviculturaUtility.java:19) - init avicultura
 2012-07-15 15:40:45,191: INFO main org.peie.avicultura.main.AviculturaUtility (AviculturaUtility.java:23) - true
 2012-07-15 15:40:46,964: INFO main org.peie.avicultura.viewer.Application (Application.java:130) - Start App
 2012-07-15 15:40:48,028: INFO main org.peie.avicultura.viewer.Application (Application.java:172) - icon: file:/C:/Users/peie/Documents/workspace/avicultura/bin/icons/logo_small.png
 2012-07-15 15:40:48,316: INFO main org.peie.avicultura.viewer.Application (Application.java:265) - 0 0 0
 2012-07-15 15:41:13,559: INFO AWT-EventQueue-0 org.peie.avicultura.viewer.Application (Application.java:813) - Popup menu will be visible!
 2012-07-15 15:41:17,866: INFO AWT-EventQueue-0 org.peie.avicultura.viewer.Application (Application.java:817) - Popup menu will be invisible!
 2012-07-15 15:41:32,502: INFO AWT-EventQueue-0 org.peie.avicultura.viewer.Application (AppNewBirdWindow.java:837) - newBirdFlag false
 2012-07-15 15:41:32,503: INFO AWT-EventQueue-0 org.peie.avicultura.helper.BirdObject (BirdObject.java:344) - is new own bird: true
 2012-07-15 15:41:32,504: INFO AWT-EventQueue-0 org.peie.avicultura.helper.BirdObject (BirdObject.java:345) - is new buied bird: false
 2012-07-15 15:41:32,505: INFO AWT-EventQueue-0 org.peie.avicultura.helper.BirdObject (BirdObject.java:346) - is new bird with new species: false
 2012-07-15 15:41:50,473: INFO AWT-EventQueue-0 org.peie.avicultura.helper.DbHelper (DbHelper.java:215) - ringno.: 18489-12-105 exists 
 2012-07-15 15:42:23,369: INFO AWT-EventQueue-0 org.peie.avicultura.helper.DbHelper (DbHelper.java:215) - ringno.: 18489-12-105 exists 
 2012-07-15 15:42:30,185: INFO AWT-EventQueue-0 org.peie.avicultura.viewer.Application (Application.java:297) - stop app
 2012-07-15 15:42:30,297: INFO AWT-EventQueue-0 org.peie.avicultura.helper.DbHelper (DbHelper.java:243) - close database
 2012-07-15 15:45:42,829: INFO main org.peie.avicultura.main.Avicultura (Avicultura.java:21) - Version: 0.0.2 beta
 2012-07-15 15:45:42,839: INFO main org.peie.avicultura.main.Avicultura (Avicultura.java:22) - AppData: C:\Users\peie\AppData\Roaming
 2012-07-15 15:45:42,840: INFO main org.peie.avicultura.main.Avicultura (Avicultura.java:23) - DataBase: C:\Users\peie\AppData\Roaming\avicultura
 2012-07-15 15:45:42,841: INFO main org.peie.avicultura.main.AviculturaUtility (AviculturaUtility.java:19) - init avicultura
 2012-07-15 15:45:42,842: INFO main org.peie.avicultura.main.AviculturaUtility (AviculturaUtility.java:23) - true
 2012-07-15 15:45:44,081: INFO main org.peie.avicultura.viewer.Application (Application.java:130) - Start App
 2012-07-15 15:45:44,967: INFO main org.peie.avicultura.viewer.Application (Application.java:172) - icon: jar:file:/C:/Users/peie/Documents/workspace/avicultura/avicultura.jar!/icons/logo_small.png
 2012-07-15 15:45:45,193: INFO main org.peie.avicultura.viewer.Application (Application.java:265) - 0 0 0
 2012-07-15 15:46:02,879: INFO AWT-EventQueue-0 org.peie.avicultura.viewer.Application (Application.java:373) - C:\Users\peie\Documents\workspace\avicultura\Zuchtbuch.pdf
 2012-07-15 15:46:17,657: INFO AWT-EventQueue-0 org.peie.avicultura.viewer.Application (Application.java:297) - stop app
 2012-07-15 15:46:17,713: INFO AWT-EventQueue-0 org.peie.avicultura.helper.DbHelper (DbHelper.java:243) - close database
 2012-07-22 15:02:34,076: INFO main org.peie.avicultura.main.Avicultura (Avicultura.java:21) - Version: 0.0.2 beta
 2012-07-22 15:02:34,116: INFO main org.peie.avicultura.main.Avicultura (Avicultura.java:22) - AppData: C:\Users\peie\AppData\Roaming
 2012-07-22 15:02:34,117: INFO main org.peie.avicultura.main.Avicultura (Avicultura.java:23) - DataBase: C:\Users\peie\AppData\Roaming\avicultura
 2012-07-22 15:02:34,118: INFO main org.peie.avicultura.main.AviculturaUtility (AviculturaUtility.java:19) - init avicultura
 2012-07-22 15:02:34,119: INFO main org.peie.avicultura.main.AviculturaUtility (AviculturaUtility.java:23) - true
 2012-07-22 15:02:36,815: INFO main org.peie.avicultura.viewer.Application (Application.java:130) - Start App
 2012-07-22 15:02:37,994: INFO main org.peie.avicultura.viewer.Application (Application.java:172) - icon: file:/C:/Users/peie/Documents/workspace/avicultura/bin/icons/logo_small.png
 2012-07-22 15:02:38,776: INFO main org.peie.avicultura.viewer.Application (Application.java:265) - 0 0 0
 2012-07-22 15:02:49,637: INFO AWT-EventQueue-0 org.peie.avicultura.viewer.Application (Application.java:813) - Popup menu will be visible!
 2012-07-22 15:02:52,470: INFO AWT-EventQueue-0 org.peie.avicultura.viewer.Application (Application.java:817) - Popup menu will be invisible!
 2012-07-22 15:03:07,181: INFO AWT-EventQueue-0 org.peie.avicultura.viewer.Application (Application.java:297) - stop app
 2012-07-22 15:03:07,238: INFO AWT-EventQueue-0 org.peie.avicultura.helper.DbHelper (DbHelper.java:243) - close database
 2012-07-22 15:04:24,122: INFO main org.peie.avicultura.main.Avicultura (Avicultura.java:21) - Version: 0.0.2 beta
 2012-07-22 15:04:24,130: INFO main org.peie.avicultura.main.Avicultura (Avicultura.java:22) - AppData: C:\Users\peie\AppData\Roaming
 2012-07-22 15:04:24,130: INFO main org.peie.avicultura.main.Avicultura (Avicultura.java:23) - DataBase: C:\Users\peie\AppData\Roaming\avicultura
 2012-07-22 15:04:24,131: INFO main org.peie.avicultura.main.AviculturaUtility (AviculturaUtility.java:19) - init avicultura
 2012-07-22 15:04:24,132: INFO main org.peie.avicultura.main.AviculturaUtility (AviculturaUtility.java:23) - true
 2012-07-22 15:04:25,350: INFO main org.peie.avicultura.viewer.Application (Application.java:130) - Start App
 2012-07-22 15:04:26,111: INFO main org.peie.avicultura.viewer.Application (Application.java:172) - icon: file:/C:/Users/peie/Documents/workspace/avicultura/bin/icons/logo_small.png
 2012-07-22 15:04:26,363: INFO main org.peie.avicultura.viewer.Application (Application.java:265) - 0 0 0
 2012-07-22 15:04:33,224: INFO AWT-EventQueue-0 org.peie.avicultura.viewer.Application (Application.java:813) - Popup menu will be visible!
 2012-07-22 15:04:34,333: INFO AWT-EventQueue-0 org.peie.avicultura.viewer.Application (Application.java:817) - Popup menu will be invisible!
 2012-07-22 15:04:49,845: INFO AWT-EventQueue-0 org.peie.avicultura.viewer.Application (Application.java:297) - stop app
 2012-07-22 15:04:49,968: INFO AWT-EventQueue-0 org.peie.avicultura.helper.DbHelper (DbHelper.java:243) - close database
 2012-07-22 15:05:31,132: INFO main org.peie.avicultura.main.Avicultura (Avicultura.java:21) - Version: 0.0.2 beta
 2012-07-22 15:05:31,140: INFO main org.peie.avicultura.main.Avicultura (Avicultura.java:22) - AppData: C:\Users\peie\AppData\Roaming
 2012-07-22 15:05:31,141: INFO main org.peie.avicultura.main.Avicultura (Avicultura.java:23) - DataBase: C:\Users\peie\AppData\Roaming\avicultura
 2012-07-22 15:05:31,142: INFO main org.peie.avicultura.main.AviculturaUtility (AviculturaUtility.java:19) - init avicultura
 2012-07-22 15:05:31,143: INFO main org.peie.avicultura.main.AviculturaUtility (AviculturaUtility.java:23) - true
 2012-07-22 15:05:32,193: INFO main org.peie.avicultura.viewer.Application (Application.java:130) - Start App
 2012-07-22 15:05:32,960: INFO main org.peie.avicultura.viewer.Application (Application.java:172) - icon: file:/C:/Users/peie/Documents/workspace/avicultura/bin/icons/logo_small.png
 2012-07-22 15:05:33,213: INFO main org.peie.avicultura.viewer.Application (Application.java:265) - 0 0 0
 2012-07-22 15:05:39,053: INFO AWT-EventQueue-0 org.peie.avicultura.viewer.Application (Application.java:297) - stop app
 2012-07-22 15:05:39,106: INFO AWT-EventQueue-0 org.peie.avicultura.helper.DbHelper (DbHelper.java:243) - close database
 2012-07-22 15:05:41,989: INFO main org.peie.avicultura.main.Avicultura (Avicultura.java:21) - Version: 0.0.2 beta
 2012-07-22 15:05:41,996: INFO main org.peie.avicultura.main.Avicultura (Avicultura.java:22) - AppData: C:\Users\peie\AppData\Roaming
 2012-07-22 15:05:41,996: INFO main org.peie.avicultura.main.Avicultura (Avicultura.java:23) - DataBase: C:\Users\peie\AppData\Roaming\avicultura
 2012-07-22 15:05:41,997: INFO main org.peie.avicultura.main.AviculturaUtility (AviculturaUtility.java:19) - init avicultura
 2012-07-22 15:05:41,998: INFO main org.peie.avicultura.main.AviculturaUtility (AviculturaUtility.java:23) - true
 2012-07-22 15:05:42,998: INFO main org.peie.avicultura.viewer.Application (Application.java:130) - Start App
 2012-07-22 15:05:43,688: INFO main org.peie.avicultura.viewer.Application (Application.java:172) - icon: file:/C:/Users/peie/Documents/workspace/avicultura/bin/icons/logo_small.png
 2012-07-22 15:05:43,929: INFO main org.peie.avicultura.viewer.Application (Application.java:265) - 0 0 0
 2012-07-22 15:05:47,345: INFO AWT-EventQueue-0 org.peie.avicultura.viewer.Application (Application.java:813) - Popup menu will be visible!
 2012-07-22 15:05:48,213: INFO AWT-EventQueue-0 org.peie.avicultura.viewer.Application (Application.java:821) - Popup menu is hidden!
 2012-07-22 15:05:48,214: INFO AWT-EventQueue-0 org.peie.avicultura.viewer.Application (Application.java:817) - Popup menu will be invisible!
 2012-07-22 15:05:48,885: INFO AWT-EventQueue-0 org.peie.avicultura.viewer.Application (Application.java:813) - Popup menu will be visible!
 2012-07-22 15:05:49,933: INFO AWT-EventQueue-0 org.peie.avicultura.viewer.Application (Application.java:817) - Popup menu will be invisible!
 2012-07-22 15:06:02,158: INFO AWT-EventQueue-0 org.peie.avicultura.viewer.Application (Application.java:813) - Popup menu will be visible!
 2012-07-22 15:06:03,397: INFO AWT-EventQueue-0 org.peie.avicultura.viewer.Application (Application.java:817) - Popup menu will be invisible!
 2012-07-22 15:06:16,551: INFO AWT-EventQueue-0 org.peie.avicultura.helper.DbHelper (DbHelper.java:215) - ringno.: 18489-12-090 exists 
 2012-07-22 15:06:17,827: INFO AWT-EventQueue-0 org.peie.avicultura.viewer.Application (AppNewBirdWindow.java:840) - newBirdFlag false
 2012-07-22 15:06:17,828: INFO AWT-EventQueue-0 org.peie.avicultura.helper.BirdObject (BirdObject.java:344) - is new own bird: false
 2012-07-22 15:06:17,829: INFO AWT-EventQueue-0 org.peie.avicultura.helper.BirdObject (BirdObject.java:345) - is new buied bird: true
 2012-07-22 15:06:17,830: INFO AWT-EventQueue-0 org.peie.avicultura.helper.BirdObject (BirdObject.java:346) - is new bird with new species: false
 2012-07-22 15:06:17,834: INFO AWT-EventQueue-0 org.peie.avicultura.helper.DbHelper (DbHelper.java:502) - avi-2fa5b6e:1387ca20360:-7ffc
 2012-07-22 15:06:26,085: INFO AWT-EventQueue-0 org.peie.avicultura.viewer.Application (Application.java:813) - Popup menu will be visible!
 2012-07-22 15:06:26,900: INFO AWT-EventQueue-0 org.peie.avicultura.viewer.Application (Application.java:821) - Popup menu is hidden!
 2012-07-22 15:06:26,901: INFO AWT-EventQueue-0 org.peie.avicultura.viewer.Application (Application.java:817) - Popup menu will be invisible!
 2012-07-22 15:06:27,702: INFO AWT-EventQueue-0 org.peie.avicultura.viewer.Application (Application.java:813) - Popup menu will be visible!
 2012-07-22 15:06:29,101: INFO AWT-EventQueue-0 org.peie.avicultura.viewer.Application (Application.java:817) - Popup menu will be invisible!
 2012-07-22 15:06:34,862: INFO AWT-EventQueue-0 org.peie.avicultura.helper.DbHelper (DbHelper.java:215) - ringno.: 18489-12-090 exists 
 2012-07-22 15:06:35,850: INFO AWT-EventQueue-0 org.peie.avicultura.viewer.Application (AppNewBirdWindow.java:840) - newBirdFlag false
 2012-07-22 15:06:35,852: INFO AWT-EventQueue-0 org.peie.avicultura.helper.BirdObject (BirdObject.java:344) - is new own bird: false
 2012-07-22 15:06:35,852: INFO AWT-EventQueue-0 org.peie.avicultura.helper.BirdObject (BirdObject.java:345) - is new buied bird: true
 2012-07-22 15:06:35,853: INFO AWT-EventQueue-0 org.peie.avicultura.helper.BirdObject (BirdObject.java:346) - is new bird with new species: false
 2012-07-22 15:06:35,855: INFO AWT-EventQueue-0 org.peie.avicultura.helper.DbHelper (DbHelper.java:502) - avi227cf8cd:138aecba472:-8000
 2012-07-22 15:06:39,565: INFO AWT-EventQueue-0 org.peie.avicultura.viewer.Application (Application.java:813) - Popup menu will be visible!
 2012-07-22 15:06:40,756: INFO AWT-EventQueue-0 org.peie.avicultura.viewer.Application (Application.java:817) - Popup menu will be invisible!
 2012-07-22 15:07:11,126: INFO AWT-EventQueue-0 org.peie.avicultura.viewer.Application (AppNewBirdWindow.java:840) - newBirdFlag false
 2012-07-22 15:07:11,128: INFO AWT-EventQueue-0 org.peie.avicultura.helper.BirdObject (BirdObject.java:344) - is new own bird: false
 2012-07-22 15:07:11,129: INFO AWT-EventQueue-0 org.peie.avicultura.helper.BirdObject (BirdObject.java:345) - is new buied bird: true
 2012-07-22 15:07:11,130: INFO AWT-EventQueue-0 org.peie.avicultura.helper.BirdObject (BirdObject.java:346) - is new bird with new species: false
 2012-07-22 15:07:24,373: INFO AWT-EventQueue-0 org.peie.avicultura.viewer.Application (Application.java:813) - Popup menu will be visible!
 2012-07-22 15:07:26,165: INFO AWT-EventQueue-0 org.peie.avicultura.viewer.Application (Application.java:817) - Popup menu will be invisible!
 2012-07-22 15:07:32,844: INFO AWT-EventQueue-0 org.peie.avicultura.viewer.Application (Application.java:297) - stop app
 2012-07-22 15:07:33,021: INFO AWT-EventQueue-0 org.peie.avicultura.helper.DbHelper (DbHelper.java:243) - close database
 2012-07-22 15:07:39,558: INFO main org.peie.avicultura.main.Avicultura (Avicultura.java:21) - Version: 0.0.2 beta
 2012-07-22 15:07:39,564: INFO main org.peie.avicultura.main.Avicultura (Avicultura.java:22) - AppData: C:\Users\peie\AppData\Roaming
 2012-07-22 15:07:39,565: INFO main org.peie.avicultura.main.Avicultura (Avicultura.java:23) - DataBase: C:\Users\peie\AppData\Roaming\avicultura
 2012-07-22 15:07:39,566: INFO main org.peie.avicultura.main.AviculturaUtility (AviculturaUtility.java:19) - init avicultura
 2012-07-22 15:07:39,567: INFO main org.peie.avicultura.main.AviculturaUtility (AviculturaUtility.java:23) - true
 2012-07-22 15:07:40,595: INFO main org.peie.avicultura.viewer.Application (Application.java:130) - Start App
 2012-07-22 15:07:41,289: INFO main org.peie.avicultura.viewer.Application (Application.java:172) - icon: file:/C:/Users/peie/Documents/workspace/avicultura/bin/icons/logo_small.png
 2012-07-22 15:07:41,524: INFO main org.peie.avicultura.viewer.Application (Application.java:265) - 0 0 0
 2012-07-22 15:07:45,762: INFO AWT-EventQueue-0 org.peie.avicultura.viewer.Application (Application.java:813) - Popup menu will be visible!
 2012-07-22 15:07:46,829: INFO AWT-EventQueue-0 org.peie.avicultura.viewer.Application (Application.java:817) - Popup menu will be invisible!
 2012-07-22 15:07:52,636: INFO AWT-EventQueue-0 org.peie.avicultura.viewer.Application (Application.java:297) - stop app
 2012-07-22 15:07:52,695: INFO AWT-EventQueue-0 org.peie.avicultura.helper.DbHelper (DbHelper.java:243) - close database
 2012-07-22 15:14:47,069: INFO main org.peie.avicultura.main.Avicultura (Avicultura.java:21) - Version: 0.0.2 beta
 2012-07-22 15:14:47,076: INFO main org.peie.avicultura.main.Avicultura (Avicultura.java:22) - AppData: C:\Users\peie\AppData\Roaming
 2012-07-22 15:14:47,077: INFO main org.peie.avicultura.main.Avicultura (Avicultura.java:23) - DataBase: C:\Users\peie\AppData\Roaming\avicultura
 2012-07-22 15:14:47,078: INFO main org.peie.avicultura.main.AviculturaUtility (AviculturaUtility.java:19) - init avicultura
 2012-07-22 15:14:47,079: INFO main org.peie.avicultura.main.AviculturaUtility (AviculturaUtility.java:23) - true
 2012-07-22 15:14:48,482: INFO main org.peie.avicultura.viewer.Application (Application.java:130) - Start App
 2012-07-22 15:14:49,282: INFO main org.peie.avicultura.viewer.Application (Application.java:172) - icon: file:/C:/Users/peie/Documents/workspace/avicultura/bin/icons/logo_small.png
 2012-07-22 15:14:49,527: INFO main org.peie.avicultura.viewer.Application (Application.java:265) - 0 0 0
 2012-07-22 15:48:26,217: INFO AWT-EventQueue-0 org.peie.avicultura.viewer.Application (Application.java:297) - stop app
 2012-07-22 15:48:26,367: INFO AWT-EventQueue-0 org.peie.avicultura.helper.DbHelper (DbHelper.java:243) - close database
 2012-07-22 15:49:25,002: INFO main org.peie.avicultura.main.Avicultura (Avicultura.java:21) - Version: 0.0.2 beta
 2012-07-22 15:49:25,011: INFO main org.peie.avicultura.main.Avicultura (Avicultura.java:22) - AppData: C:\Users\peie\AppData\Roaming
 2012-07-22 15:49:25,011: INFO main org.peie.avicultura.main.Avicultura (Avicultura.java:23) - DataBase: C:\Users\peie\AppData\Roaming\avicultura
 2012-07-22 15:49:25,012: INFO main org.peie.avicultura.main.AviculturaUtility (AviculturaUtility.java:19) - init avicultura
 2012-07-22 15:49:25,013: INFO main org.peie.avicultura.main.AviculturaUtility (AviculturaUtility.java:23) - true
 2012-07-22 15:49:26,152: INFO main org.peie.avicultura.viewer.Application (Application.java:130) - Start App
 2012-07-22 15:49:26,864: INFO main org.peie.avicultura.viewer.Application (Application.java:172) - icon: file:/C:/Users/peie/Documents/workspace/avicultura/bin/icons/logo_small.png
 2012-07-22 15:49:27,154: INFO main org.peie.avicultura.viewer.Application (Application.java:265) - 0 0 0
 2012-07-22 15:51:04,458: INFO AWT-EventQueue-0 org.peie.avicultura.viewer.Application (Application.java:297) - stop app
 2012-07-22 15:51:04,592: INFO AWT-EventQueue-0 org.peie.avicultura.helper.DbHelper (DbHelper.java:243) - close database
 2012-07-22 16:04:25,466: INFO main org.peie.avicultura.main.Avicultura (Avicultura.java:21) - Version: 0.0.2 beta
 2012-07-22 16:04:25,471: INFO main org.peie.avicultura.main.Avicultura (Avicultura.java:22) - AppData: C:\Users\peie\AppData\Roaming
 2012-07-22 16:04:25,471: INFO main org.peie.avicultura.main.Avicultura (Avicultura.java:23) - DataBase: C:\Users\peie\AppData\Roaming\avicultura
 2012-07-22 16:04:25,476: INFO main org.peie.avicultura.main.AviculturaUtility (AviculturaUtility.java:19) - init avicultura
 2012-07-22 16:04:25,476: INFO main org.peie.avicultura.main.AviculturaUtility (AviculturaUtility.java:23) - true
 2012-07-22 16:04:26,548: INFO main org.peie.avicultura.viewer.Application (Application.java:130) - Start App
 2012-07-22 16:04:27,294: INFO main org.peie.avicultura.viewer.Application (Application.java:172) - icon: file:/C:/Users/peie/Documents/workspace/avicultura/bin/icons/logo_small.png
 2012-07-22 16:04:27,548: INFO main org.peie.avicultura.viewer.Application (Application.java:265) - 0 0 0
 2012-07-22 16:04:33,032: INFO AWT-EventQueue-0 org.peie.avicultura.viewer.Application (Application.java:814) - Popup menu will be visible!
 2012-07-22 16:04:34,245: INFO AWT-EventQueue-0 org.peie.avicultura.viewer.Application (Application.java:818) - Popup menu will be invisible!
 2012-07-22 16:04:47,298: INFO AWT-EventQueue-0 org.peie.avicultura.viewer.Application (Application.java:297) - stop app
 2012-07-22 16:04:47,429: INFO AWT-EventQueue-0 org.peie.avicultura.helper.DbHelper (DbHelper.java:243) - close database
 2013-02-09 12:58:54,927: INFO main org.peie.avicultura.main.Avicultura (Avicultura.java:21) - Version: 0.0.2 beta
 2013-02-09 12:58:54,941: INFO main org.peie.avicultura.main.Avicultura (Avicultura.java:22) - AppData: C:\Users\peie\AppData\Roaming
 2013-02-09 12:58:54,942: INFO main org.peie.avicultura.main.Avicultura (Avicultura.java:23) - DataBase: C:\Users\peie\AppData\Roaming\avicultura
 2013-02-09 12:58:54,943: INFO main org.peie.avicultura.main.AviculturaUtility (AviculturaUtility.java:19) - init avicultura
 2013-02-09 12:58:54,954: INFO main org.peie.avicultura.main.AviculturaUtility (AviculturaUtility.java:23) - true
 2013-02-09 12:58:57,275: INFO main org.peie.avicultura.viewer.Application (Application.java:130) - Start App
 2013-02-09 12:58:58,679: INFO main org.peie.avicultura.viewer.Application (Application.java:172) - icon: file:/C:/Users/peie/Documents/workspace/avicultura/bin/icons/logo_small.png
 2013-02-09 12:58:59,845: INFO main org.peie.avicultura.viewer.Application (Application.java:265) - 0 0 0
 2013-02-09 12:59:12,221: INFO AWT-EventQueue-0 org.peie.avicultura.viewer.Application (Application.java:297) - stop app
 2013-02-09 12:59:12,290: INFO AWT-EventQueue-0 org.peie.avicultura.helper.DbHelper (DbHelper.java:243) - close database
 2013-02-09 13:48:12,691: INFO main org.peie.avicultura.main.Avicultura (Avicultura.java:21) - Version: 0.0.2 beta
 2013-02-09 13:48:12,697: INFO main org.peie.avicultura.main.Avicultura (Avicultura.java:22) - AppData: C:\Users\peie\AppData\Roaming
 2013-02-09 13:48:12,698: INFO main org.peie.avicultura.main.Avicultura (Avicultura.java:23) - DataBase: C:\Users\peie\AppData\Roaming\avicultura
 2013-02-09 13:48:12,699: INFO main org.peie.avicultura.main.AviculturaUtility (AviculturaUtility.java:19) - init avicultura
 2013-02-09 13:48:12,700: INFO main org.peie.avicultura.main.AviculturaUtility (AviculturaUtility.java:23) - true
 2013-02-09 13:48:13,889: INFO main org.peie.avicultura.viewer.Application (Application.java:130) - Start App
 2013-02-09 13:48:14,794: INFO main org.peie.avicultura.viewer.Application (Application.java:172) - icon: file:/C:/Users/peie/Documents/workspace/avicultura/bin/icons/logo_small.png
 2013-02-09 13:48:15,051: INFO main org.peie.avicultura.viewer.Application (Application.java:265) - 0 0 0
 2013-02-09 13:48:19,861: INFO AWT-EventQueue-0 org.peie.avicultura.viewer.Application (Application.java:297) - stop app
 2013-02-09 13:48:19,954: INFO AWT-EventQueue-0 org.peie.avicultura.helper.DbHelper (DbHelper.java:243) - close database
 